{"C:\\Users\\Nitron\\git\\test-examination\\individuell-examination-tester\\strajk-bowling\\src\\App.jsx": {"path":"C:\\Users\\Nitron\\git\\test-examination\\individuell-examination-tester\\strajk-bowling\\src\\App.jsx","all":false,"statementMap":{"0":{"start":{"line":1,"column":0},"end":{"line":1,"column":20}},"1":{"start":{"line":2,"column":0},"end":{"line":2,"column":50}},"3":{"start":{"line":4,"column":0},"end":{"line":4,"column":30}},"5":{"start":{"line":6,"column":0},"end":{"line":6,"column":16}},"6":{"start":{"line":7,"column":0},"end":{"line":7,"column":10}},"7":{"start":{"line":8,"column":0},"end":{"line":8,"column":25}},"8":{"start":{"line":9,"column":0},"end":{"line":9,"column":40}},"9":{"start":{"line":10,"column":0},"end":{"line":10,"column":10}},"11":{"start":{"line":12,"column":0},"end":{"line":12,"column":1}},"13":{"start":{"line":14,"column":0},"end":{"line":14,"column":19}}},"s":{"0":1,"1":1,"3":1,"5":2,"6":2,"7":2,"8":2,"9":2,"11":2,"13":1},"branchMap":{"0":{"type":"branch","line":6,"loc":{"start":{"line":6,"column":0},"end":{"line":12,"column":1}},"locations":[{"start":{"line":6,"column":0},"end":{"line":12,"column":1}}]}},"b":{"0":[2]},"fnMap":{"0":{"name":"App","decl":{"start":{"line":6,"column":0},"end":{"line":12,"column":1}},"loc":{"start":{"line":6,"column":0},"end":{"line":12,"column":1}},"line":6}},"f":{"0":2}}
,"C:\\Users\\Nitron\\git\\test-examination\\individuell-examination-tester\\strajk-bowling\\src\\App.test.jsx": {"path":"C:\\Users\\Nitron\\git\\test-examination\\individuell-examination-tester\\strajk-bowling\\src\\App.test.jsx","all":false,"statementMap":{"0":{"start":{"line":1,"column":0},"end":{"line":1,"column":76}},"1":{"start":{"line":2,"column":0},"end":{"line":2,"column":24}},"2":{"start":{"line":3,"column":0},"end":{"line":3,"column":42}},"4":{"start":{"line":5,"column":0},"end":{"line":5,"column":23}},"5":{"start":{"line":6,"column":0},"end":{"line":6,"column":93}},"6":{"start":{"line":7,"column":0},"end":{"line":7,"column":42}},"7":{"start":{"line":8,"column":0},"end":{"line":8,"column":46}},"8":{"start":{"line":9,"column":0},"end":{"line":9,"column":31}},"10":{"start":{"line":11,"column":0},"end":{"line":11,"column":62}},"11":{"start":{"line":12,"column":0},"end":{"line":12,"column":43}},"12":{"start":{"line":13,"column":0},"end":{"line":13,"column":38}},"13":{"start":{"line":14,"column":0},"end":{"line":14,"column":66}},"14":{"start":{"line":15,"column":0},"end":{"line":15,"column":31}},"15":{"start":{"line":16,"column":0},"end":{"line":16,"column":56}},"16":{"start":{"line":17,"column":0},"end":{"line":17,"column":37}},"17":{"start":{"line":18,"column":0},"end":{"line":18,"column":72}},"18":{"start":{"line":19,"column":0},"end":{"line":19,"column":5}},"19":{"start":{"line":20,"column":0},"end":{"line":20,"column":122}},"20":{"start":{"line":21,"column":0},"end":{"line":21,"column":42}},"22":{"start":{"line":23,"column":0},"end":{"line":23,"column":65}},"24":{"start":{"line":25,"column":0},"end":{"line":25,"column":34}},"25":{"start":{"line":26,"column":0},"end":{"line":26,"column":69}},"26":{"start":{"line":27,"column":0},"end":{"line":27,"column":34}},"27":{"start":{"line":28,"column":0},"end":{"line":28,"column":64}},"28":{"start":{"line":29,"column":0},"end":{"line":29,"column":44}},"29":{"start":{"line":30,"column":0},"end":{"line":30,"column":68}},"30":{"start":{"line":31,"column":0},"end":{"line":31,"column":43}},"31":{"start":{"line":32,"column":0},"end":{"line":32,"column":67}},"33":{"start":{"line":34,"column":0},"end":{"line":34,"column":50}},"34":{"start":{"line":35,"column":0},"end":{"line":35,"column":32}},"35":{"start":{"line":36,"column":0},"end":{"line":36,"column":32}},"36":{"start":{"line":37,"column":0},"end":{"line":37,"column":68}},"37":{"start":{"line":38,"column":0},"end":{"line":38,"column":36}},"38":{"start":{"line":39,"column":0},"end":{"line":39,"column":57}},"39":{"start":{"line":40,"column":0},"end":{"line":40,"column":7}},"40":{"start":{"line":41,"column":0},"end":{"line":41,"column":32}},"42":{"start":{"line":43,"column":0},"end":{"line":43,"column":47}},"43":{"start":{"line":44,"column":0},"end":{"line":44,"column":65}},"44":{"start":{"line":45,"column":0},"end":{"line":45,"column":60}},"45":{"start":{"line":46,"column":0},"end":{"line":46,"column":46}},"46":{"start":{"line":47,"column":0},"end":{"line":47,"column":31}},"47":{"start":{"line":48,"column":0},"end":{"line":48,"column":56}},"48":{"start":{"line":49,"column":0},"end":{"line":49,"column":37}},"49":{"start":{"line":50,"column":0},"end":{"line":50,"column":31}},"50":{"start":{"line":51,"column":0},"end":{"line":51,"column":62}},"51":{"start":{"line":52,"column":0},"end":{"line":52,"column":38}},"52":{"start":{"line":53,"column":0},"end":{"line":53,"column":60}},"53":{"start":{"line":54,"column":0},"end":{"line":54,"column":19}},"54":{"start":{"line":55,"column":0},"end":{"line":55,"column":5}},"55":{"start":{"line":56,"column":0},"end":{"line":56,"column":3}}},"s":{"0":1,"1":1,"2":1,"4":1,"5":1,"6":1,"7":1,"8":1,"10":1,"11":1,"12":1,"13":1,"14":1,"15":1,"16":1,"17":1,"18":1,"19":1,"20":1,"22":1,"24":1,"25":1,"26":1,"27":1,"28":1,"29":1,"30":1,"31":1,"33":1,"34":1,"35":1,"36":1,"37":1,"38":2,"39":1,"40":1,"42":1,"43":1,"44":1,"45":1,"46":1,"47":1,"48":1,"49":1,"50":1,"51":1,"52":1,"53":1,"54":1,"55":1},"branchMap":{"0":{"type":"branch","line":5,"loc":{"start":{"line":5,"column":16},"end":{"line":56,"column":3}},"locations":[{"start":{"line":5,"column":16},"end":{"line":56,"column":3}}]},"1":{"type":"branch","line":6,"loc":{"start":{"line":6,"column":86},"end":{"line":19,"column":3}},"locations":[{"start":{"line":6,"column":86},"end":{"line":19,"column":3}}]},"2":{"type":"branch","line":20,"loc":{"start":{"line":20,"column":109},"end":{"line":55,"column":3}},"locations":[{"start":{"line":20,"column":109},"end":{"line":55,"column":3}}]},"3":{"type":"branch","line":38,"loc":{"start":{"line":38,"column":24},"end":{"line":40,"column":5}},"locations":[{"start":{"line":38,"column":24},"end":{"line":40,"column":5}}]},"4":{"type":"branch","line":43,"loc":{"start":{"line":43,"column":18},"end":{"line":43,"column":28}},"locations":[{"start":{"line":43,"column":18},"end":{"line":43,"column":28}}]}},"b":{"0":[1],"1":[1],"2":[1],"3":[2],"4":[1]},"fnMap":{"0":{"name":"__vite_ssr_import_1__.waitFor.timeout","decl":{"start":{"line":43,"column":18},"end":{"line":43,"column":28}},"loc":{"start":{"line":43,"column":18},"end":{"line":43,"column":28}},"line":43}},"f":{"0":1}}
,"C:\\Users\\Nitron\\git\\test-examination\\individuell-examination-tester\\strajk-bowling\\src\\router.jsx": {"path":"C:\\Users\\Nitron\\git\\test-examination\\individuell-examination-tester\\strajk-bowling\\src\\router.jsx","all":false,"statementMap":{"0":{"start":{"line":1,"column":0},"end":{"line":1,"column":55}},"2":{"start":{"line":3,"column":0},"end":{"line":3,"column":38}},"3":{"start":{"line":4,"column":0},"end":{"line":4,"column":48}},"5":{"start":{"line":6,"column":0},"end":{"line":6,"column":36}},"6":{"start":{"line":7,"column":0},"end":{"line":7,"column":5}},"7":{"start":{"line":8,"column":0},"end":{"line":8,"column":16}},"8":{"start":{"line":9,"column":0},"end":{"line":9,"column":27}},"9":{"start":{"line":10,"column":0},"end":{"line":10,"column":6}},"10":{"start":{"line":11,"column":0},"end":{"line":11,"column":5}},"11":{"start":{"line":12,"column":0},"end":{"line":12,"column":28}},"12":{"start":{"line":13,"column":0},"end":{"line":13,"column":32}},"13":{"start":{"line":14,"column":0},"end":{"line":14,"column":5}},"14":{"start":{"line":15,"column":0},"end":{"line":15,"column":3}},"16":{"start":{"line":17,"column":0},"end":{"line":17,"column":22}}},"s":{"0":1,"2":1,"3":1,"5":1,"6":1,"7":1,"8":1,"9":1,"10":1,"11":1,"12":1,"13":1,"14":1,"16":1},"branchMap":{},"b":{},"fnMap":{},"f":{}}
,"C:\\Users\\Nitron\\git\\test-examination\\individuell-examination-tester\\strajk-bowling\\src\\components\\BookingInfo\\BookingInfo.jsx": {"path":"C:\\Users\\Nitron\\git\\test-examination\\individuell-examination-tester\\strajk-bowling\\src\\components\\BookingInfo\\BookingInfo.jsx","all":false,"statementMap":{"0":{"start":{"line":1,"column":0},"end":{"line":1,"column":28}},"2":{"start":{"line":3,"column":0},"end":{"line":3,"column":35}},"4":{"start":{"line":5,"column":0},"end":{"line":5,"column":48}},"5":{"start":{"line":6,"column":0},"end":{"line":6,"column":10}},"6":{"start":{"line":7,"column":0},"end":{"line":7,"column":38}},"7":{"start":{"line":8,"column":0},"end":{"line":8,"column":14}},"8":{"start":{"line":9,"column":0},"end":{"line":9,"column":67}},"9":{"start":{"line":10,"column":0},"end":{"line":10,"column":15}},"10":{"start":{"line":11,"column":0},"end":{"line":11,"column":46}},"11":{"start":{"line":12,"column":0},"end":{"line":12,"column":48}},"12":{"start":{"line":13,"column":0},"end":{"line":13,"column":16}},"13":{"start":{"line":14,"column":0},"end":{"line":14,"column":24}},"14":{"start":{"line":15,"column":0},"end":{"line":15,"column":23}},"15":{"start":{"line":16,"column":0},"end":{"line":16,"column":44}},"16":{"start":{"line":17,"column":0},"end":{"line":17,"column":23}},"17":{"start":{"line":18,"column":0},"end":{"line":18,"column":47}},"18":{"start":{"line":19,"column":0},"end":{"line":19,"column":12}},"19":{"start":{"line":20,"column":0},"end":{"line":20,"column":16}},"20":{"start":{"line":21,"column":0},"end":{"line":21,"column":24}},"21":{"start":{"line":22,"column":0},"end":{"line":22,"column":23}},"22":{"start":{"line":23,"column":0},"end":{"line":23,"column":23}},"23":{"start":{"line":24,"column":0},"end":{"line":24,"column":47}},"24":{"start":{"line":25,"column":0},"end":{"line":25,"column":12}},"25":{"start":{"line":26,"column":0},"end":{"line":26,"column":18}},"26":{"start":{"line":27,"column":0},"end":{"line":27,"column":14}},"27":{"start":{"line":28,"column":0},"end":{"line":28,"column":43}},"28":{"start":{"line":29,"column":0},"end":{"line":29,"column":23}},"29":{"start":{"line":30,"column":0},"end":{"line":30,"column":41}},"30":{"start":{"line":31,"column":0},"end":{"line":31,"column":23}},"31":{"start":{"line":32,"column":0},"end":{"line":32,"column":45}},"32":{"start":{"line":33,"column":0},"end":{"line":33,"column":23}},"33":{"start":{"line":34,"column":0},"end":{"line":34,"column":10}},"34":{"start":{"line":35,"column":0},"end":{"line":35,"column":14}},"35":{"start":{"line":36,"column":0},"end":{"line":36,"column":33}},"36":{"start":{"line":37,"column":0},"end":{"line":37,"column":23}},"37":{"start":{"line":38,"column":0},"end":{"line":38,"column":43}},"38":{"start":{"line":39,"column":0},"end":{"line":39,"column":22}},"39":{"start":{"line":40,"column":0},"end":{"line":40,"column":45}},"40":{"start":{"line":41,"column":0},"end":{"line":41,"column":23}},"41":{"start":{"line":42,"column":0},"end":{"line":42,"column":10}},"42":{"start":{"line":43,"column":0},"end":{"line":43,"column":13}},"43":{"start":{"line":44,"column":0},"end":{"line":44,"column":14}},"45":{"start":{"line":46,"column":0},"end":{"line":46,"column":1}},"47":{"start":{"line":48,"column":0},"end":{"line":48,"column":27}}},"s":{"0":1,"2":1,"4":49,"5":49,"6":49,"7":49,"8":49,"9":49,"10":49,"11":49,"12":49,"13":49,"14":49,"15":49,"16":49,"17":49,"18":49,"19":49,"20":49,"21":49,"22":49,"23":49,"24":49,"25":49,"26":49,"27":49,"28":49,"29":49,"30":49,"31":49,"32":49,"33":49,"34":49,"35":49,"36":49,"37":49,"38":49,"39":49,"40":49,"41":49,"42":49,"43":49,"45":49,"47":1},"branchMap":{"0":{"type":"branch","line":5,"loc":{"start":{"line":5,"column":0},"end":{"line":46,"column":1}},"locations":[{"start":{"line":5,"column":0},"end":{"line":46,"column":1}}]}},"b":{"0":[49]},"fnMap":{"0":{"name":"BookingInfo","decl":{"start":{"line":5,"column":0},"end":{"line":46,"column":1}},"loc":{"start":{"line":5,"column":0},"end":{"line":46,"column":1}},"line":5}},"f":{"0":49}}
,"C:\\Users\\Nitron\\git\\test-examination\\individuell-examination-tester\\strajk-bowling\\src\\components\\ErrorMessage\\ErrorMessage.jsx": {"path":"C:\\Users\\Nitron\\git\\test-examination\\individuell-examination-tester\\strajk-bowling\\src\\components\\ErrorMessage\\ErrorMessage.jsx","all":false,"statementMap":{"0":{"start":{"line":1,"column":0},"end":{"line":1,"column":29}},"2":{"start":{"line":3,"column":0},"end":{"line":3,"column":36}},"3":{"start":{"line":4,"column":0},"end":{"line":4,"column":10}},"4":{"start":{"line":5,"column":0},"end":{"line":5,"column":39}},"5":{"start":{"line":6,"column":0},"end":{"line":6,"column":54}},"6":{"start":{"line":7,"column":0},"end":{"line":7,"column":14}},"8":{"start":{"line":9,"column":0},"end":{"line":9,"column":1}},"10":{"start":{"line":11,"column":0},"end":{"line":11,"column":28}}},"s":{"0":1,"2":4,"3":4,"4":4,"5":4,"6":4,"8":4,"10":1},"branchMap":{"0":{"type":"branch","line":3,"loc":{"start":{"line":3,"column":0},"end":{"line":9,"column":1}},"locations":[{"start":{"line":3,"column":0},"end":{"line":9,"column":1}}]}},"b":{"0":[4]},"fnMap":{"0":{"name":"ErrorMessage","decl":{"start":{"line":3,"column":0},"end":{"line":9,"column":1}},"loc":{"start":{"line":3,"column":0},"end":{"line":9,"column":1}},"line":3}},"f":{"0":4}}
,"C:\\Users\\Nitron\\git\\test-examination\\individuell-examination-tester\\strajk-bowling\\src\\components\\Input\\Input.jsx": {"path":"C:\\Users\\Nitron\\git\\test-examination\\individuell-examination-tester\\strajk-bowling\\src\\components\\Input\\Input.jsx","all":false,"statementMap":{"0":{"start":{"line":1,"column":0},"end":{"line":1,"column":22}},"2":{"start":{"line":3,"column":0},"end":{"line":3,"column":16}},"3":{"start":{"line":4,"column":0},"end":{"line":4,"column":8}},"4":{"start":{"line":5,"column":0},"end":{"line":5,"column":7}},"5":{"start":{"line":6,"column":0},"end":{"line":6,"column":14}},"6":{"start":{"line":7,"column":0},"end":{"line":7,"column":7}},"7":{"start":{"line":8,"column":0},"end":{"line":8,"column":15}},"8":{"start":{"line":9,"column":0},"end":{"line":9,"column":15}},"9":{"start":{"line":10,"column":0},"end":{"line":10,"column":11}},"10":{"start":{"line":11,"column":0},"end":{"line":11,"column":12}},"11":{"start":{"line":12,"column":0},"end":{"line":12,"column":4}},"12":{"start":{"line":13,"column":0},"end":{"line":13,"column":10}},"13":{"start":{"line":14,"column":0},"end":{"line":14,"column":31}},"14":{"start":{"line":15,"column":0},"end":{"line":15,"column":53}},"15":{"start":{"line":16,"column":0},"end":{"line":16,"column":12}},"16":{"start":{"line":17,"column":0},"end":{"line":17,"column":19}},"17":{"start":{"line":18,"column":0},"end":{"line":18,"column":68}},"18":{"start":{"line":19,"column":0},"end":{"line":19,"column":19}},"19":{"start":{"line":20,"column":0},"end":{"line":20,"column":31}},"20":{"start":{"line":21,"column":0},"end":{"line":21,"column":55}},"21":{"start":{"line":22,"column":0},"end":{"line":22,"column":29}},"22":{"start":{"line":23,"column":0},"end":{"line":23,"column":27}},"23":{"start":{"line":24,"column":0},"end":{"line":24,"column":8}},"24":{"start":{"line":25,"column":0},"end":{"line":25,"column":14}},"26":{"start":{"line":27,"column":0},"end":{"line":27,"column":1}},"28":{"start":{"line":29,"column":0},"end":{"line":29,"column":21}}},"s":{"0":1,"2":263,"3":263,"4":263,"5":263,"6":263,"7":263,"8":263,"9":263,"10":263,"11":263,"12":263,"13":263,"14":263,"15":263,"16":263,"17":263,"18":263,"19":263,"20":263,"21":263,"22":263,"23":263,"24":263,"26":263,"28":1},"branchMap":{"0":{"type":"branch","line":3,"loc":{"start":{"line":3,"column":0},"end":{"line":27,"column":1}},"locations":[{"start":{"line":3,"column":0},"end":{"line":27,"column":1}}]},"1":{"type":"branch","line":18,"loc":{"start":{"line":18,"column":35},"end":{"line":18,"column":63}},"locations":[{"start":{"line":18,"column":35},"end":{"line":18,"column":63}}]},"2":{"type":"branch","line":18,"loc":{"start":{"line":18,"column":49},"end":{"line":18,"column":65}},"locations":[{"start":{"line":18,"column":49},"end":{"line":18,"column":65}}]},"3":{"type":"branch","line":21,"loc":{"start":{"line":21,"column":22},"end":{"line":21,"column":52}},"locations":[{"start":{"line":21,"column":22},"end":{"line":21,"column":52}}]},"4":{"type":"branch","line":21,"loc":{"start":{"line":21,"column":37},"end":{"line":21,"column":55}},"locations":[{"start":{"line":21,"column":37},"end":{"line":21,"column":55}}]}},"b":{"0":[263],"1":[214],"2":[49],"3":[8],"4":[255]},"fnMap":{"0":{"name":"Input","decl":{"start":{"line":3,"column":0},"end":{"line":27,"column":1}},"loc":{"start":{"line":3,"column":0},"end":{"line":27,"column":1}},"line":3}},"f":{"0":263}}
,"C:\\Users\\Nitron\\git\\test-examination\\individuell-examination-tester\\strajk-bowling\\src\\components\\Navigation\\Navigation.jsx": {"path":"C:\\Users\\Nitron\\git\\test-examination\\individuell-examination-tester\\strajk-bowling\\src\\components\\Navigation\\Navigation.jsx","all":false,"statementMap":{"0":{"start":{"line":1,"column":0},"end":{"line":1,"column":27}},"1":{"start":{"line":2,"column":0},"end":{"line":2,"column":47}},"2":{"start":{"line":3,"column":0},"end":{"line":3,"column":47}},"3":{"start":{"line":4,"column":0},"end":{"line":4,"column":33}},"5":{"start":{"line":6,"column":0},"end":{"line":6,"column":23}},"6":{"start":{"line":7,"column":0},"end":{"line":7,"column":35}},"7":{"start":{"line":8,"column":0},"end":{"line":8,"column":52}},"9":{"start":{"line":10,"column":0},"end":{"line":10,"column":12}},"10":{"start":{"line":11,"column":0},"end":{"line":11,"column":73}},"11":{"start":{"line":12,"column":0},"end":{"line":12,"column":61}},"12":{"start":{"line":13,"column":0},"end":{"line":13,"column":58}},"13":{"start":{"line":14,"column":0},"end":{"line":14,"column":85}},"14":{"start":{"line":15,"column":0},"end":{"line":15,"column":58}},"15":{"start":{"line":16,"column":0},"end":{"line":16,"column":85}},"16":{"start":{"line":17,"column":0},"end":{"line":17,"column":75}},"17":{"start":{"line":18,"column":0},"end":{"line":18,"column":14}},"19":{"start":{"line":20,"column":0},"end":{"line":20,"column":1}},"21":{"start":{"line":22,"column":0},"end":{"line":22,"column":26}}},"s":{"0":1,"1":1,"2":1,"3":1,"5":54,"6":54,"7":54,"9":54,"10":54,"11":54,"12":54,"13":54,"14":54,"15":54,"16":54,"17":54,"19":54,"21":1},"branchMap":{"0":{"type":"branch","line":6,"loc":{"start":{"line":6,"column":0},"end":{"line":20,"column":1}},"locations":[{"start":{"line":6,"column":0},"end":{"line":20,"column":1}}]},"1":{"type":"branch","line":11,"loc":{"start":{"line":11,"column":40},"end":{"line":11,"column":65}},"locations":[{"start":{"line":11,"column":40},"end":{"line":11,"column":65}}]},"2":{"type":"branch","line":11,"loc":{"start":{"line":11,"column":51},"end":{"line":11,"column":68}},"locations":[{"start":{"line":11,"column":51},"end":{"line":11,"column":68}}]},"3":{"type":"branch","line":14,"loc":{"start":{"line":14,"column":57},"end":{"line":14,"column":73}},"locations":[{"start":{"line":14,"column":57},"end":{"line":14,"column":73}}]},"4":{"type":"branch","line":14,"loc":{"start":{"line":14,"column":68},"end":{"line":14,"column":80}},"locations":[{"start":{"line":14,"column":68},"end":{"line":14,"column":80}}]},"5":{"type":"branch","line":16,"loc":{"start":{"line":16,"column":57},"end":{"line":16,"column":73}},"locations":[{"start":{"line":16,"column":57},"end":{"line":16,"column":73}}]},"6":{"type":"branch","line":16,"loc":{"start":{"line":16,"column":68},"end":{"line":16,"column":80}},"locations":[{"start":{"line":16,"column":68},"end":{"line":16,"column":80}}]},"7":{"type":"branch","line":13,"loc":{"start":{"line":13,"column":22},"end":{"line":13,"column":56}},"locations":[{"start":{"line":13,"column":22},"end":{"line":13,"column":56}}]},"8":{"type":"branch","line":15,"loc":{"start":{"line":15,"column":22},"end":{"line":15,"column":47}},"locations":[{"start":{"line":15,"column":22},"end":{"line":15,"column":47}}]},"9":{"type":"branch","line":17,"loc":{"start":{"line":17,"column":22},"end":{"line":17,"column":59}},"locations":[{"start":{"line":17,"column":22},"end":{"line":17,"column":59}}]}},"b":{"0":[54],"1":[2],"2":[52],"3":[2],"4":[52],"5":[2],"6":[52],"7":[2],"8":[2],"9":[2]},"fnMap":{"0":{"name":"Navigation","decl":{"start":{"line":6,"column":0},"end":{"line":20,"column":1}},"loc":{"start":{"line":6,"column":0},"end":{"line":20,"column":1}},"line":6},"1":{"name":"onClick","decl":{"start":{"line":13,"column":22},"end":{"line":13,"column":56}},"loc":{"start":{"line":13,"column":22},"end":{"line":13,"column":56}},"line":13},"2":{"name":"onClick","decl":{"start":{"line":15,"column":22},"end":{"line":15,"column":47}},"loc":{"start":{"line":15,"column":22},"end":{"line":15,"column":47}},"line":15},"3":{"name":"onClick","decl":{"start":{"line":17,"column":22},"end":{"line":17,"column":59}},"loc":{"start":{"line":17,"column":22},"end":{"line":17,"column":59}},"line":17}},"f":{"0":54,"1":2,"2":2,"3":2}}
,"C:\\Users\\Nitron\\git\\test-examination\\individuell-examination-tester\\strajk-bowling\\src\\components\\Shoes\\Shoes.jsx": {"path":"C:\\Users\\Nitron\\git\\test-examination\\individuell-examination-tester\\strajk-bowling\\src\\components\\Shoes\\Shoes.jsx","all":false,"statementMap":{"0":{"start":{"line":1,"column":0},"end":{"line":1,"column":22}},"1":{"start":{"line":2,"column":0},"end":{"line":2,"column":32}},"3":{"start":{"line":4,"column":0},"end":{"line":4,"column":35}},"5":{"start":{"line":6,"column":0},"end":{"line":6,"column":60}},"6":{"start":{"line":7,"column":0},"end":{"line":7,"column":49}},"7":{"start":{"line":8,"column":0},"end":{"line":8,"column":52}},"8":{"start":{"line":9,"column":0},"end":{"line":9,"column":23}},"9":{"start":{"line":10,"column":0},"end":{"line":10,"column":54}},"10":{"start":{"line":11,"column":0},"end":{"line":11,"column":14}},"11":{"start":{"line":12,"column":0},"end":{"line":12,"column":23}},"12":{"start":{"line":13,"column":0},"end":{"line":13,"column":21}},"13":{"start":{"line":14,"column":0},"end":{"line":14,"column":36}},"14":{"start":{"line":15,"column":0},"end":{"line":15,"column":25}},"15":{"start":{"line":16,"column":0},"end":{"line":16,"column":35}},"16":{"start":{"line":17,"column":0},"end":{"line":17,"column":23}},"17":{"start":{"line":18,"column":0},"end":{"line":18,"column":10}},"18":{"start":{"line":19,"column":0},"end":{"line":19,"column":15}},"19":{"start":{"line":20,"column":0},"end":{"line":20,"column":56}},"20":{"start":{"line":21,"column":0},"end":{"line":21,"column":26}},"21":{"start":{"line":22,"column":0},"end":{"line":22,"column":33}},"22":{"start":{"line":23,"column":0},"end":{"line":23,"column":12}},"23":{"start":{"line":24,"column":0},"end":{"line":24,"column":9}},"25":{"start":{"line":26,"column":0},"end":{"line":26,"column":17}},"26":{"start":{"line":27,"column":0},"end":{"line":27,"column":16}},"29":{"start":{"line":30,"column":0},"end":{"line":30,"column":21}},"30":{"start":{"line":31,"column":0},"end":{"line":31,"column":5}},"32":{"start":{"line":33,"column":0},"end":{"line":33,"column":10}},"33":{"start":{"line":34,"column":0},"end":{"line":34,"column":31}},"34":{"start":{"line":35,"column":0},"end":{"line":35,"column":14}},"35":{"start":{"line":36,"column":0},"end":{"line":36,"column":49}},"36":{"start":{"line":37,"column":0},"end":{"line":37,"column":15}},"37":{"start":{"line":38,"column":0},"end":{"line":38,"column":17}},"38":{"start":{"line":39,"column":0},"end":{"line":39,"column":13}},"39":{"start":{"line":40,"column":0},"end":{"line":40,"column":33}},"40":{"start":{"line":41,"column":0},"end":{"line":41,"column":24}},"41":{"start":{"line":42,"column":0},"end":{"line":42,"column":28}},"42":{"start":{"line":43,"column":0},"end":{"line":43,"column":10}},"43":{"start":{"line":44,"column":0},"end":{"line":44,"column":7}},"45":{"start":{"line":46,"column":0},"end":{"line":46,"column":15}},"46":{"start":{"line":47,"column":0},"end":{"line":47,"column":14}},"48":{"start":{"line":49,"column":0},"end":{"line":49,"column":1}},"50":{"start":{"line":51,"column":0},"end":{"line":51,"column":21}}},"s":{"0":1,"1":1,"3":1,"5":49,"6":49,"7":59,"8":59,"9":59,"10":59,"11":59,"12":59,"13":59,"14":59,"15":59,"16":59,"17":59,"18":59,"19":59,"20":59,"21":1,"22":1,"23":59,"25":59,"26":59,"29":59,"30":49,"32":49,"33":49,"34":49,"35":49,"36":49,"37":49,"38":49,"39":49,"40":49,"41":9,"42":9,"43":49,"45":49,"46":49,"48":49,"50":1},"branchMap":{"0":{"type":"branch","line":6,"loc":{"start":{"line":6,"column":0},"end":{"line":49,"column":1}},"locations":[{"start":{"line":6,"column":0},"end":{"line":49,"column":1}}]},"1":{"type":"branch","line":7,"loc":{"start":{"line":7,"column":30},"end":{"line":31,"column":3}},"locations":[{"start":{"line":7,"column":30},"end":{"line":31,"column":3}}]},"2":{"type":"branch","line":21,"loc":{"start":{"line":21,"column":19},"end":{"line":23,"column":12}},"locations":[{"start":{"line":21,"column":19},"end":{"line":23,"column":12}}]},"3":{"type":"branch","line":41,"loc":{"start":{"line":41,"column":17},"end":{"line":43,"column":10}},"locations":[{"start":{"line":41,"column":17},"end":{"line":43,"column":10}}]}},"b":{"0":[49],"1":[59],"2":[1],"3":[9]},"fnMap":{"0":{"name":"Shoes","decl":{"start":{"line":6,"column":0},"end":{"line":49,"column":1}},"loc":{"start":{"line":6,"column":0},"end":{"line":49,"column":1}},"line":6},"1":{"name":"onClick","decl":{"start":{"line":21,"column":19},"end":{"line":23,"column":12}},"loc":{"start":{"line":21,"column":19},"end":{"line":23,"column":12}},"line":21},"2":{"name":"onClick","decl":{"start":{"line":41,"column":17},"end":{"line":43,"column":10}},"loc":{"start":{"line":41,"column":17},"end":{"line":43,"column":10}},"line":41}},"f":{"0":49,"1":1,"2":9}}
,"C:\\Users\\Nitron\\git\\test-examination\\individuell-examination-tester\\strajk-bowling\\src\\components\\Top\\Top.jsx": {"path":"C:\\Users\\Nitron\\git\\test-examination\\individuell-examination-tester\\strajk-bowling\\src\\components\\Top\\Top.jsx","all":false,"statementMap":{"0":{"start":{"line":1,"column":0},"end":{"line":1,"column":20}},"1":{"start":{"line":2,"column":0},"end":{"line":2,"column":48}},"3":{"start":{"line":4,"column":0},"end":{"line":4,"column":25}},"4":{"start":{"line":5,"column":0},"end":{"line":5,"column":12}},"5":{"start":{"line":6,"column":0},"end":{"line":6,"column":32}},"6":{"start":{"line":7,"column":0},"end":{"line":7,"column":54}},"7":{"start":{"line":8,"column":0},"end":{"line":8,"column":53}},"8":{"start":{"line":9,"column":0},"end":{"line":9,"column":17}},"10":{"start":{"line":11,"column":0},"end":{"line":11,"column":1}},"12":{"start":{"line":13,"column":0},"end":{"line":13,"column":19}}},"s":{"0":1,"1":1,"3":52,"4":52,"5":52,"6":52,"7":52,"8":52,"10":52,"12":1},"branchMap":{"0":{"type":"branch","line":4,"loc":{"start":{"line":4,"column":0},"end":{"line":11,"column":1}},"locations":[{"start":{"line":4,"column":0},"end":{"line":11,"column":1}}]}},"b":{"0":[52]},"fnMap":{"0":{"name":"Top","decl":{"start":{"line":4,"column":0},"end":{"line":11,"column":1}},"loc":{"start":{"line":4,"column":0},"end":{"line":11,"column":1}},"line":4}},"f":{"0":52}}
,"C:\\Users\\Nitron\\git\\test-examination\\individuell-examination-tester\\strajk-bowling\\src\\mocks\\handlers.js": {"path":"C:\\Users\\Nitron\\git\\test-examination\\individuell-examination-tester\\strajk-bowling\\src\\mocks\\handlers.js","all":false,"statementMap":{"0":{"start":{"line":1,"column":0},"end":{"line":1,"column":74}},"1":{"start":{"line":2,"column":0},"end":{"line":2,"column":0}},"2":{"start":{"line":3,"column":0},"end":{"line":3,"column":25}},"3":{"start":{"line":4,"column":0},"end":{"line":4,"column":12}},"4":{"start":{"line":5,"column":0},"end":{"line":5,"column":62}},"5":{"start":{"line":6,"column":0},"end":{"line":6,"column":28}},"6":{"start":{"line":7,"column":0},"end":{"line":7,"column":66}},"7":{"start":{"line":8,"column":0},"end":{"line":8,"column":0}},"8":{"start":{"line":9,"column":0},"end":{"line":9,"column":44}},"9":{"start":{"line":10,"column":0},"end":{"line":10,"column":47}},"10":{"start":{"line":11,"column":0},"end":{"line":11,"column":42}},"11":{"start":{"line":12,"column":0},"end":{"line":12,"column":0}},"12":{"start":{"line":13,"column":0},"end":{"line":13,"column":32}},"13":{"start":{"line":14,"column":0},"end":{"line":14,"column":21}},"14":{"start":{"line":15,"column":0},"end":{"line":15,"column":26}},"15":{"start":{"line":16,"column":0},"end":{"line":16,"column":13}},"16":{"start":{"line":17,"column":0},"end":{"line":17,"column":14}},"17":{"start":{"line":18,"column":0},"end":{"line":18,"column":15}},"18":{"start":{"line":19,"column":0},"end":{"line":19,"column":19}},"19":{"start":{"line":20,"column":0},"end":{"line":20,"column":14}},"20":{"start":{"line":21,"column":0},"end":{"line":21,"column":9}},"21":{"start":{"line":22,"column":0},"end":{"line":22,"column":5}},"22":{"start":{"line":23,"column":0},"end":{"line":23,"column":4}},"23":{"start":{"line":24,"column":0},"end":{"line":24,"column":2}}},"s":{"0":1,"1":1,"2":1,"3":1,"4":1,"5":1,"6":1,"7":1,"8":1,"9":1,"10":1,"11":1,"12":1,"13":1,"14":1,"15":1,"16":1,"17":1,"18":1,"19":1,"20":1,"21":1,"22":1,"23":1},"branchMap":{"0":{"type":"branch","line":6,"loc":{"start":{"line":6,"column":4},"end":{"line":22,"column":5}},"locations":[{"start":{"line":6,"column":4},"end":{"line":22,"column":5}}]}},"b":{"0":[1]},"fnMap":{},"f":{}}
,"C:\\Users\\Nitron\\git\\test-examination\\individuell-examination-tester\\strajk-bowling\\src\\mocks\\server.js": {"path":"C:\\Users\\Nitron\\git\\test-examination\\individuell-examination-tester\\strajk-bowling\\src\\mocks\\server.js","all":false,"statementMap":{"0":{"start":{"line":1,"column":0},"end":{"line":1,"column":67}},"1":{"start":{"line":2,"column":0},"end":{"line":2,"column":50}},"2":{"start":{"line":3,"column":0},"end":{"line":3,"column":0}},"3":{"start":{"line":4,"column":0},"end":{"line":4,"column":47}}},"s":{"0":1,"1":1,"2":1,"3":1},"branchMap":{},"b":{},"fnMap":{},"f":{}}
,"C:\\Users\\Nitron\\git\\test-examination\\individuell-examination-tester\\strajk-bowling\\src\\views\\Booking.jsx": {"path":"C:\\Users\\Nitron\\git\\test-examination\\individuell-examination-tester\\strajk-bowling\\src\\views\\Booking.jsx","all":false,"statementMap":{"0":{"start":{"line":1,"column":0},"end":{"line":1,"column":33}},"1":{"start":{"line":2,"column":0},"end":{"line":2,"column":47}},"2":{"start":{"line":3,"column":0},"end":{"line":3,"column":24}},"4":{"start":{"line":5,"column":0},"end":{"line":5,"column":64}},"5":{"start":{"line":6,"column":0},"end":{"line":6,"column":67}},"6":{"start":{"line":7,"column":0},"end":{"line":7,"column":61}},"7":{"start":{"line":8,"column":0},"end":{"line":8,"column":46}},"8":{"start":{"line":9,"column":0},"end":{"line":9,"column":40}},"10":{"start":{"line":11,"column":0},"end":{"line":11,"column":20}},"11":{"start":{"line":12,"column":0},"end":{"line":12,"column":42}},"12":{"start":{"line":13,"column":0},"end":{"line":13,"column":13}},"13":{"start":{"line":14,"column":0},"end":{"line":14,"column":13}},"14":{"start":{"line":15,"column":0},"end":{"line":15,"column":13}},"15":{"start":{"line":16,"column":0},"end":{"line":16,"column":14}},"16":{"start":{"line":17,"column":0},"end":{"line":17,"column":5}},"17":{"start":{"line":18,"column":0},"end":{"line":18,"column":41}},"18":{"start":{"line":19,"column":0},"end":{"line":19,"column":41}},"19":{"start":{"line":20,"column":0},"end":{"line":20,"column":33}},"21":{"start":{"line":22,"column":0},"end":{"line":22,"column":40}},"22":{"start":{"line":23,"column":0},"end":{"line":23,"column":41}},"23":{"start":{"line":24,"column":0},"end":{"line":24,"column":17}},"25":{"start":{"line":26,"column":0},"end":{"line":26,"column":32}},"26":{"start":{"line":27,"column":0},"end":{"line":27,"column":19}},"27":{"start":{"line":28,"column":0},"end":{"line":28,"column":20}},"28":{"start":{"line":29,"column":0},"end":{"line":29,"column":8}},"29":{"start":{"line":30,"column":0},"end":{"line":30,"column":3}},"31":{"start":{"line":32,"column":0},"end":{"line":32,"column":30}},"32":{"start":{"line":33,"column":0},"end":{"line":33,"column":41}},"33":{"start":{"line":34,"column":0},"end":{"line":34,"column":17}},"35":{"start":{"line":36,"column":0},"end":{"line":36,"column":51}},"36":{"start":{"line":37,"column":0},"end":{"line":37,"column":29}},"37":{"start":{"line":38,"column":0},"end":{"line":38,"column":31}},"38":{"start":{"line":39,"column":0},"end":{"line":39,"column":60}},"39":{"start":{"line":40,"column":0},"end":{"line":40,"column":9}},"40":{"start":{"line":41,"column":0},"end":{"line":41,"column":8}},"41":{"start":{"line":42,"column":0},"end":{"line":42,"column":5}},"42":{"start":{"line":43,"column":0},"end":{"line":43,"column":3}},"44":{"start":{"line":45,"column":0},"end":{"line":45,"column":26}},"45":{"start":{"line":46,"column":0},"end":{"line":46,"column":17}},"47":{"start":{"line":48,"column":0},"end":{"line":48,"column":49}},"48":{"start":{"line":49,"column":0},"end":{"line":49,"column":3}},"50":{"start":{"line":51,"column":0},"end":{"line":51,"column":29}},"51":{"start":{"line":52,"column":0},"end":{"line":52,"column":17}},"53":{"start":{"line":54,"column":0},"end":{"line":54,"column":55}},"54":{"start":{"line":55,"column":0},"end":{"line":55,"column":3}},"56":{"start":{"line":57,"column":0},"end":{"line":57,"column":32}},"57":{"start":{"line":58,"column":0},"end":{"line":58,"column":22}},"59":{"start":{"line":60,"column":0},"end":{"line":60,"column":76}},"61":{"start":{"line":62,"column":0},"end":{"line":62,"column":18}},"62":{"start":{"line":63,"column":0},"end":{"line":63,"column":3}},"64":{"start":{"line":65,"column":0},"end":{"line":65,"column":35}},"65":{"start":{"line":66,"column":0},"end":{"line":66,"column":35}},"66":{"start":{"line":67,"column":0},"end":{"line":67,"column":66}},"68":{"start":{"line":69,"column":0},"end":{"line":69,"column":56}},"70":{"start":{"line":71,"column":0},"end":{"line":71,"column":17}},"71":{"start":{"line":72,"column":0},"end":{"line":72,"column":3}},"73":{"start":{"line":74,"column":0},"end":{"line":74,"column":43}},"74":{"start":{"line":75,"column":0},"end":{"line":75,"column":33}},"75":{"start":{"line":76,"column":0},"end":{"line":76,"column":64}},"76":{"start":{"line":77,"column":0},"end":{"line":77,"column":7}},"77":{"start":{"line":78,"column":0},"end":{"line":78,"column":23}},"78":{"start":{"line":79,"column":0},"end":{"line":79,"column":18}},"79":{"start":{"line":80,"column":0},"end":{"line":80,"column":62}},"80":{"start":{"line":81,"column":0},"end":{"line":81,"column":10}},"81":{"start":{"line":82,"column":0},"end":{"line":82,"column":42}},"82":{"start":{"line":83,"column":0},"end":{"line":83,"column":7}},"83":{"start":{"line":84,"column":0},"end":{"line":84,"column":6}},"84":{"start":{"line":85,"column":0},"end":{"line":85,"column":39}},"85":{"start":{"line":86,"column":0},"end":{"line":86,"column":30}},"86":{"start":{"line":87,"column":0},"end":{"line":87,"column":16}},"87":{"start":{"line":88,"column":0},"end":{"line":88,"column":3}},"89":{"start":{"line":90,"column":0},"end":{"line":90,"column":36}},"90":{"start":{"line":91,"column":0},"end":{"line":91,"column":53}},"91":{"start":{"line":92,"column":0},"end":{"line":92,"column":3}},"93":{"start":{"line":94,"column":0},"end":{"line":94,"column":43}},"94":{"start":{"line":95,"column":0},"end":{"line":95,"column":37}},"95":{"start":{"line":96,"column":0},"end":{"line":96,"column":75}},"97":{"start":{"line":98,"column":0},"end":{"line":98,"column":16}},"98":{"start":{"line":99,"column":0},"end":{"line":99,"column":7}},"99":{"start":{"line":100,"column":0},"end":{"line":100,"column":3}},"101":{"start":{"line":102,"column":0},"end":{"line":102,"column":25}},"102":{"start":{"line":103,"column":0},"end":{"line":103,"column":26}},"104":{"start":{"line":105,"column":0},"end":{"line":105,"column":78}},"105":{"start":{"line":106,"column":0},"end":{"line":106,"column":54}},"106":{"start":{"line":107,"column":0},"end":{"line":107,"column":42}},"107":{"start":{"line":108,"column":0},"end":{"line":108,"column":75}},"108":{"start":{"line":109,"column":0},"end":{"line":109,"column":38}},"109":{"start":{"line":110,"column":0},"end":{"line":110,"column":52}},"110":{"start":{"line":111,"column":0},"end":{"line":111,"column":41}},"111":{"start":{"line":112,"column":0},"end":{"line":112,"column":59}},"112":{"start":{"line":113,"column":0},"end":{"line":113,"column":5}},"115":{"start":{"line":116,"column":0},"end":{"line":116,"column":23}},"116":{"start":{"line":117,"column":0},"end":{"line":117,"column":29}},"117":{"start":{"line":118,"column":0},"end":{"line":118,"column":48}},"118":{"start":{"line":119,"column":0},"end":{"line":119,"column":5}},"120":{"start":{"line":121,"column":0},"end":{"line":121,"column":25}},"121":{"start":{"line":122,"column":0},"end":{"line":122,"column":46}},"122":{"start":{"line":123,"column":0},"end":{"line":123,"column":27}},"123":{"start":{"line":124,"column":0},"end":{"line":124,"column":29}},"124":{"start":{"line":125,"column":0},"end":{"line":125,"column":44}},"125":{"start":{"line":126,"column":0},"end":{"line":126,"column":6}},"127":{"start":{"line":128,"column":0},"end":{"line":128,"column":24}},"129":{"start":{"line":130,"column":0},"end":{"line":130,"column":29}},"131":{"start":{"line":132,"column":0},"end":{"line":132,"column":56}},"132":{"start":{"line":133,"column":0},"end":{"line":133,"column":41}},"134":{"start":{"line":135,"column":0},"end":{"line":135,"column":31}},"135":{"start":{"line":136,"column":0},"end":{"line":136,"column":51}},"136":{"start":{"line":137,"column":0},"end":{"line":137,"column":7}},"137":{"start":{"line":138,"column":0},"end":{"line":138,"column":3}},"139":{"start":{"line":140,"column":0},"end":{"line":140,"column":10}},"140":{"start":{"line":141,"column":0},"end":{"line":141,"column":33}},"141":{"start":{"line":142,"column":0},"end":{"line":142,"column":20}},"142":{"start":{"line":143,"column":0},"end":{"line":143,"column":29}},"143":{"start":{"line":144,"column":0},"end":{"line":144,"column":65}},"144":{"start":{"line":145,"column":0},"end":{"line":145,"column":12}},"145":{"start":{"line":146,"column":0},"end":{"line":146,"column":31}},"146":{"start":{"line":147,"column":0},"end":{"line":147,"column":25}},"147":{"start":{"line":148,"column":0},"end":{"line":148,"column":31}},"148":{"start":{"line":149,"column":0},"end":{"line":149,"column":21}},"149":{"start":{"line":150,"column":0},"end":{"line":150,"column":8}},"150":{"start":{"line":151,"column":0},"end":{"line":151,"column":64}},"152":{"start":{"line":153,"column":0},"end":{"line":153,"column":15}},"153":{"start":{"line":154,"column":0},"end":{"line":154,"column":53}},"154":{"start":{"line":155,"column":0},"end":{"line":155,"column":14}},"156":{"start":{"line":157,"column":0},"end":{"line":157,"column":1}},"158":{"start":{"line":159,"column":0},"end":{"line":159,"column":23}}},"s":{"0":1,"1":1,"2":1,"4":1,"5":1,"6":1,"7":1,"8":1,"10":49,"11":49,"12":49,"13":49,"14":49,"15":49,"16":49,"17":49,"18":49,"19":49,"21":49,"22":17,"23":17,"25":17,"26":17,"27":17,"28":17,"29":17,"31":49,"32":9,"33":9,"35":9,"36":9,"37":9,"38":31,"39":9,"40":9,"41":9,"42":9,"44":49,"45":9,"47":9,"48":9,"50":49,"51":1,"53":1,"54":1,"56":49,"57":3,"59":3,"61":3,"62":3,"64":49,"65":2,"66":2,"68":2,"70":1,"71":2,"73":49,"74":1,"75":1,"76":1,"77":1,"78":1,"79":1,"80":1,"81":1,"82":1,"83":1,"84":1,"85":1,"86":1,"87":1,"89":49,"90":4,"91":4,"93":49,"94":1,"95":1,"97":1,"98":1,"99":1,"101":49,"102":5,"104":5,"105":1,"106":5,"107":1,"108":4,"109":1,"110":2,"111":1,"112":1,"115":5,"116":4,"117":4,"118":4,"120":1,"121":1,"122":1,"123":1,"124":1,"125":1,"127":1,"129":1,"131":1,"132":1,"134":1,"135":1,"136":1,"137":5,"139":49,"140":49,"141":49,"142":49,"143":49,"144":49,"145":49,"146":49,"147":49,"148":49,"149":49,"150":49,"152":49,"153":49,"154":49,"156":49,"158":1},"branchMap":{"0":{"type":"branch","line":11,"loc":{"start":{"line":11,"column":0},"end":{"line":157,"column":1}},"locations":[{"start":{"line":11,"column":0},"end":{"line":157,"column":1}}]},"1":{"type":"branch","line":154,"loc":{"start":{"line":154,"column":7},"end":{"line":154,"column":50}},"locations":[{"start":{"line":154,"column":7},"end":{"line":154,"column":50}}]},"2":{"type":"branch","line":154,"loc":{"start":{"line":154,"column":45},"end":{"line":154,"column":53}},"locations":[{"start":{"line":154,"column":45},"end":{"line":154,"column":53}}]},"3":{"type":"branch","line":22,"loc":{"start":{"line":22,"column":2},"end":{"line":30,"column":3}},"locations":[{"start":{"line":22,"column":2},"end":{"line":30,"column":3}}]},"4":{"type":"branch","line":26,"loc":{"start":{"line":26,"column":15},"end":{"line":29,"column":6}},"locations":[{"start":{"line":26,"column":15},"end":{"line":29,"column":6}}]},"5":{"type":"branch","line":32,"loc":{"start":{"line":32,"column":2},"end":{"line":43,"column":3}},"locations":[{"start":{"line":32,"column":2},"end":{"line":43,"column":3}}]},"6":{"type":"branch","line":36,"loc":{"start":{"line":36,"column":25},"end":{"line":36,"column":50}},"locations":[{"start":{"line":36,"column":25},"end":{"line":36,"column":50}}]},"7":{"type":"branch","line":37,"loc":{"start":{"line":37,"column":15},"end":{"line":40,"column":9}},"locations":[{"start":{"line":37,"column":15},"end":{"line":40,"column":9}}]},"8":{"type":"branch","line":38,"loc":{"start":{"line":38,"column":22},"end":{"line":39,"column":60}},"locations":[{"start":{"line":38,"column":22},"end":{"line":39,"column":60}}]},"9":{"type":"branch","line":39,"loc":{"start":{"line":39,"column":22},"end":{"line":39,"column":56}},"locations":[{"start":{"line":39,"column":22},"end":{"line":39,"column":56}}]},"10":{"type":"branch","line":39,"loc":{"start":{"line":39,"column":52},"end":{"line":39,"column":60}},"locations":[{"start":{"line":39,"column":52},"end":{"line":39,"column":60}}]},"11":{"type":"branch","line":45,"loc":{"start":{"line":45,"column":2},"end":{"line":49,"column":3}},"locations":[{"start":{"line":45,"column":2},"end":{"line":49,"column":3}}]},"12":{"type":"branch","line":51,"loc":{"start":{"line":51,"column":2},"end":{"line":55,"column":3}},"locations":[{"start":{"line":51,"column":2},"end":{"line":55,"column":3}}]},"13":{"type":"branch","line":54,"loc":{"start":{"line":54,"column":26},"end":{"line":54,"column":52}},"locations":[{"start":{"line":54,"column":26},"end":{"line":54,"column":52}}]},"14":{"type":"branch","line":57,"loc":{"start":{"line":57,"column":2},"end":{"line":63,"column":3}},"locations":[{"start":{"line":57,"column":2},"end":{"line":63,"column":3}}]},"15":{"type":"branch","line":60,"loc":{"start":{"line":60,"column":14},"end":{"line":60,"column":74}},"locations":[{"start":{"line":60,"column":14},"end":{"line":60,"column":74}}]},"16":{"type":"branch","line":60,"loc":{"start":{"line":60,"column":44},"end":{"line":60,"column":58}},"locations":[{"start":{"line":60,"column":44},"end":{"line":60,"column":58}}]},"17":{"type":"branch","line":60,"loc":{"start":{"line":60,"column":48},"end":{"line":60,"column":74}},"locations":[{"start":{"line":60,"column":48},"end":{"line":60,"column":74}}]},"18":{"type":"branch","line":65,"loc":{"start":{"line":65,"column":2},"end":{"line":72,"column":3}},"locations":[{"start":{"line":65,"column":2},"end":{"line":72,"column":3}}]},"19":{"type":"branch","line":69,"loc":{"start":{"line":69,"column":44},"end":{"line":71,"column":17}},"locations":[{"start":{"line":69,"column":44},"end":{"line":71,"column":17}}]},"20":{"type":"branch","line":74,"loc":{"start":{"line":74,"column":2},"end":{"line":88,"column":3}},"locations":[{"start":{"line":74,"column":2},"end":{"line":88,"column":3}}]},"21":{"type":"branch","line":90,"loc":{"start":{"line":90,"column":2},"end":{"line":92,"column":3}},"locations":[{"start":{"line":90,"column":2},"end":{"line":92,"column":3}}]},"22":{"type":"branch","line":94,"loc":{"start":{"line":94,"column":2},"end":{"line":100,"column":3}},"locations":[{"start":{"line":94,"column":2},"end":{"line":100,"column":3}}]},"23":{"type":"branch","line":95,"loc":{"start":{"line":95,"column":23},"end":{"line":99,"column":5}},"locations":[{"start":{"line":95,"column":23},"end":{"line":99,"column":5}}]},"24":{"type":"branch","line":102,"loc":{"start":{"line":102,"column":2},"end":{"line":138,"column":3}},"locations":[{"start":{"line":102,"column":2},"end":{"line":138,"column":3}}]},"25":{"type":"branch","line":105,"loc":{"start":{"line":105,"column":17},"end":{"line":105,"column":43}},"locations":[{"start":{"line":105,"column":17},"end":{"line":105,"column":43}}]},"26":{"type":"branch","line":105,"loc":{"start":{"line":105,"column":34},"end":{"line":105,"column":60}},"locations":[{"start":{"line":105,"column":34},"end":{"line":105,"column":60}}]},"27":{"type":"branch","line":105,"loc":{"start":{"line":105,"column":52},"end":{"line":105,"column":77}},"locations":[{"start":{"line":105,"column":52},"end":{"line":105,"column":77}}]},"28":{"type":"branch","line":105,"loc":{"start":{"line":105,"column":77},"end":{"line":107,"column":15}},"locations":[{"start":{"line":105,"column":77},"end":{"line":107,"column":15}}]},"29":{"type":"branch","line":107,"loc":{"start":{"line":107,"column":4},"end":{"line":113,"column":5}},"locations":[{"start":{"line":107,"column":4},"end":{"line":113,"column":5}}]},"30":{"type":"branch","line":107,"loc":{"start":{"line":107,"column":41},"end":{"line":109,"column":15}},"locations":[{"start":{"line":107,"column":41},"end":{"line":109,"column":15}}]},"31":{"type":"branch","line":109,"loc":{"start":{"line":109,"column":4},"end":{"line":113,"column":5}},"locations":[{"start":{"line":109,"column":4},"end":{"line":113,"column":5}}]},"32":{"type":"branch","line":109,"loc":{"start":{"line":109,"column":37},"end":{"line":113,"column":5}},"locations":[{"start":{"line":109,"column":37},"end":{"line":113,"column":5}}]},"33":{"type":"branch","line":109,"loc":{"start":{"line":109,"column":37},"end":{"line":111,"column":15}},"locations":[{"start":{"line":109,"column":37},"end":{"line":111,"column":15}}]},"34":{"type":"branch","line":111,"loc":{"start":{"line":111,"column":40},"end":{"line":113,"column":5}},"locations":[{"start":{"line":111,"column":40},"end":{"line":113,"column":5}}]},"35":{"type":"branch","line":116,"loc":{"start":{"line":116,"column":22},"end":{"line":119,"column":5}},"locations":[{"start":{"line":116,"column":22},"end":{"line":119,"column":5}}]},"36":{"type":"branch","line":119,"loc":{"start":{"line":119,"column":4},"end":{"line":137,"column":7}},"locations":[{"start":{"line":119,"column":4},"end":{"line":137,"column":7}}]},"37":{"type":"branch","line":125,"loc":{"start":{"line":125,"column":23},"end":{"line":125,"column":42}},"locations":[{"start":{"line":125,"column":23},"end":{"line":125,"column":42}}]}},"b":{"0":[49],"1":[4],"2":[45],"3":[17],"4":[17],"5":[9],"6":[0],"7":[9],"8":[31],"9":[9],"10":[22],"11":[9],"12":[1],"13":[1],"14":[3],"15":[8],"16":[7],"17":[1],"18":[2],"19":[1],"20":[1],"21":[4],"22":[1],"23":[1],"24":[5],"25":[4],"26":[4],"27":[4],"28":[1],"29":[4],"30":[1],"31":[3],"32":[2],"33":[1],"34":[1],"35":[4],"36":[1],"37":[2]},"fnMap":{"0":{"name":"Booking","decl":{"start":{"line":11,"column":0},"end":{"line":157,"column":1}},"loc":{"start":{"line":11,"column":0},"end":{"line":157,"column":1}},"line":11},"1":{"name":"updateBookingDetails","decl":{"start":{"line":22,"column":2},"end":{"line":30,"column":3}},"loc":{"start":{"line":22,"column":2},"end":{"line":30,"column":3}},"line":22},"2":{"name":"updateSize","decl":{"start":{"line":32,"column":2},"end":{"line":43,"column":3}},"loc":{"start":{"line":32,"column":2},"end":{"line":43,"column":3}},"line":32},"3":{"name":"addShoe","decl":{"start":{"line":45,"column":2},"end":{"line":49,"column":3}},"loc":{"start":{"line":45,"column":2},"end":{"line":49,"column":3}},"line":45},"4":{"name":"removeShoe","decl":{"start":{"line":51,"column":2},"end":{"line":55,"column":3}},"loc":{"start":{"line":51,"column":2},"end":{"line":55,"column":3}},"line":51},"5":{"name":"isShoeSizesFilled","decl":{"start":{"line":57,"column":2},"end":{"line":63,"column":3}},"loc":{"start":{"line":57,"column":2},"end":{"line":63,"column":3}},"line":57},"6":{"name":"checkPlayersAndLanes","decl":{"start":{"line":65,"column":2},"end":{"line":72,"column":3}},"loc":{"start":{"line":65,"column":2},"end":{"line":72,"column":3}},"line":65},"7":{"name":"sendBooking","decl":{"start":{"line":74,"column":2},"end":{"line":88,"column":3}},"loc":{"start":{"line":74,"column":2},"end":{"line":88,"column":3}},"line":74},"8":{"name":"comparePeopleAndShoes","decl":{"start":{"line":90,"column":2},"end":{"line":92,"column":3}},"loc":{"start":{"line":90,"column":2},"end":{"line":92,"column":3}},"line":90},"9":{"name":"saveConfirmation","decl":{"start":{"line":94,"column":2},"end":{"line":100,"column":3}},"loc":{"start":{"line":94,"column":2},"end":{"line":100,"column":3}},"line":94},"10":{"name":"book","decl":{"start":{"line":102,"column":2},"end":{"line":138,"column":3}},"loc":{"start":{"line":102,"column":2},"end":{"line":138,"column":3}},"line":102}},"f":{"0":49,"1":17,"2":9,"3":9,"4":1,"5":3,"6":2,"7":1,"8":4,"9":1,"10":5}}
,"C:\\Users\\Nitron\\git\\test-examination\\individuell-examination-tester\\strajk-bowling\\src\\views\\Booking.test.jsx": {"path":"C:\\Users\\Nitron\\git\\test-examination\\individuell-examination-tester\\strajk-bowling\\src\\views\\Booking.test.jsx","all":false,"statementMap":{"0":{"start":{"line":1,"column":0},"end":{"line":1,"column":50}},"1":{"start":{"line":2,"column":0},"end":{"line":2,"column":31}},"2":{"start":{"line":3,"column":0},"end":{"line":3,"column":50}},"9":{"start":{"line":10,"column":0},"end":{"line":10,"column":32}},"10":{"start":{"line":11,"column":0},"end":{"line":11,"column":32}},"11":{"start":{"line":12,"column":0},"end":{"line":12,"column":42}},"17":{"start":{"line":18,"column":0},"end":{"line":18,"column":27}},"18":{"start":{"line":19,"column":0},"end":{"line":19,"column":78}},"19":{"start":{"line":20,"column":0},"end":{"line":20,"column":33}},"20":{"start":{"line":21,"column":0},"end":{"line":21,"column":38}},"21":{"start":{"line":22,"column":0},"end":{"line":22,"column":19}},"22":{"start":{"line":23,"column":0},"end":{"line":23,"column":23}},"23":{"start":{"line":24,"column":0},"end":{"line":24,"column":6}},"25":{"start":{"line":26,"column":0},"end":{"line":26,"column":65}},"26":{"start":{"line":27,"column":0},"end":{"line":27,"column":38}},"27":{"start":{"line":28,"column":0},"end":{"line":28,"column":34}},"28":{"start":{"line":29,"column":0},"end":{"line":29,"column":69}},"29":{"start":{"line":30,"column":0},"end":{"line":30,"column":47}},"30":{"start":{"line":31,"column":0},"end":{"line":31,"column":34}},"31":{"start":{"line":32,"column":0},"end":{"line":32,"column":64}},"32":{"start":{"line":33,"column":0},"end":{"line":33,"column":42}},"33":{"start":{"line":34,"column":0},"end":{"line":34,"column":44}},"34":{"start":{"line":35,"column":0},"end":{"line":35,"column":46}},"35":{"start":{"line":36,"column":0},"end":{"line":36,"column":68}},"36":{"start":{"line":37,"column":0},"end":{"line":37,"column":48}},"37":{"start":{"line":38,"column":0},"end":{"line":38,"column":43}},"38":{"start":{"line":39,"column":0},"end":{"line":39,"column":67}},"39":{"start":{"line":40,"column":0},"end":{"line":40,"column":47}},"40":{"start":{"line":41,"column":0},"end":{"line":41,"column":5}},"41":{"start":{"line":42,"column":0},"end":{"line":42,"column":70}},"42":{"start":{"line":43,"column":0},"end":{"line":43,"column":11}},"43":{"start":{"line":44,"column":0},"end":{"line":44,"column":38}},"44":{"start":{"line":45,"column":0},"end":{"line":45,"column":19}},"45":{"start":{"line":46,"column":0},"end":{"line":46,"column":23}},"46":{"start":{"line":47,"column":0},"end":{"line":47,"column":6}},"47":{"start":{"line":48,"column":0},"end":{"line":48,"column":50}},"48":{"start":{"line":49,"column":0},"end":{"line":49,"column":32}},"49":{"start":{"line":50,"column":0},"end":{"line":50,"column":77}},"50":{"start":{"line":51,"column":0},"end":{"line":51,"column":19}},"51":{"start":{"line":52,"column":0},"end":{"line":52,"column":5}},"52":{"start":{"line":53,"column":0},"end":{"line":53,"column":75}},"53":{"start":{"line":54,"column":0},"end":{"line":54,"column":33}},"54":{"start":{"line":55,"column":0},"end":{"line":55,"column":38}},"55":{"start":{"line":56,"column":0},"end":{"line":56,"column":19}},"56":{"start":{"line":57,"column":0},"end":{"line":57,"column":23}},"57":{"start":{"line":58,"column":0},"end":{"line":58,"column":6}},"58":{"start":{"line":59,"column":0},"end":{"line":59,"column":65}},"60":{"start":{"line":61,"column":0},"end":{"line":61,"column":34}},"61":{"start":{"line":62,"column":0},"end":{"line":62,"column":69}},"62":{"start":{"line":63,"column":0},"end":{"line":63,"column":34}},"63":{"start":{"line":64,"column":0},"end":{"line":64,"column":64}},"65":{"start":{"line":66,"column":0},"end":{"line":66,"column":44}},"66":{"start":{"line":67,"column":0},"end":{"line":67,"column":68}},"67":{"start":{"line":68,"column":0},"end":{"line":68,"column":43}},"68":{"start":{"line":69,"column":0},"end":{"line":69,"column":67}},"70":{"start":{"line":71,"column":0},"end":{"line":71,"column":50}},"72":{"start":{"line":73,"column":0},"end":{"line":73,"column":32}},"73":{"start":{"line":74,"column":0},"end":{"line":74,"column":32}},"74":{"start":{"line":75,"column":0},"end":{"line":75,"column":32}},"75":{"start":{"line":76,"column":0},"end":{"line":76,"column":32}},"76":{"start":{"line":77,"column":0},"end":{"line":77,"column":32}},"77":{"start":{"line":78,"column":0},"end":{"line":78,"column":68}},"78":{"start":{"line":79,"column":0},"end":{"line":79,"column":36}},"79":{"start":{"line":80,"column":0},"end":{"line":80,"column":57}},"80":{"start":{"line":81,"column":0},"end":{"line":81,"column":7}},"82":{"start":{"line":83,"column":0},"end":{"line":83,"column":32}},"83":{"start":{"line":84,"column":0},"end":{"line":84,"column":11}},"84":{"start":{"line":85,"column":0},"end":{"line":85,"column":61}},"85":{"start":{"line":86,"column":0},"end":{"line":86,"column":20}},"86":{"start":{"line":87,"column":0},"end":{"line":87,"column":5}},"87":{"start":{"line":88,"column":0},"end":{"line":88,"column":124}},"88":{"start":{"line":89,"column":0},"end":{"line":89,"column":33}},"89":{"start":{"line":90,"column":0},"end":{"line":90,"column":38}},"90":{"start":{"line":91,"column":0},"end":{"line":91,"column":19}},"91":{"start":{"line":92,"column":0},"end":{"line":92,"column":23}},"92":{"start":{"line":93,"column":0},"end":{"line":93,"column":6}},"93":{"start":{"line":94,"column":0},"end":{"line":94,"column":65}},"94":{"start":{"line":95,"column":0},"end":{"line":95,"column":71}},"95":{"start":{"line":96,"column":0},"end":{"line":96,"column":66}},"96":{"start":{"line":97,"column":0},"end":{"line":97,"column":60}},"97":{"start":{"line":98,"column":0},"end":{"line":98,"column":60}},"98":{"start":{"line":99,"column":0},"end":{"line":99,"column":50}},"99":{"start":{"line":100,"column":0},"end":{"line":100,"column":32}},"100":{"start":{"line":101,"column":0},"end":{"line":101,"column":32}},"101":{"start":{"line":102,"column":0},"end":{"line":102,"column":75}},"103":{"start":{"line":104,"column":0},"end":{"line":104,"column":60}},"104":{"start":{"line":105,"column":0},"end":{"line":105,"column":32}},"105":{"start":{"line":106,"column":0},"end":{"line":106,"column":11}},"106":{"start":{"line":107,"column":0},"end":{"line":107,"column":77}},"107":{"start":{"line":108,"column":0},"end":{"line":108,"column":20}},"108":{"start":{"line":109,"column":0},"end":{"line":109,"column":5}},"109":{"start":{"line":110,"column":0},"end":{"line":110,"column":66}},"110":{"start":{"line":111,"column":0},"end":{"line":111,"column":33}},"111":{"start":{"line":112,"column":0},"end":{"line":112,"column":38}},"112":{"start":{"line":113,"column":0},"end":{"line":113,"column":19}},"113":{"start":{"line":114,"column":0},"end":{"line":114,"column":23}},"114":{"start":{"line":115,"column":0},"end":{"line":115,"column":6}},"115":{"start":{"line":116,"column":0},"end":{"line":116,"column":50}},"116":{"start":{"line":117,"column":0},"end":{"line":117,"column":32}},"117":{"start":{"line":118,"column":0},"end":{"line":118,"column":63}},"118":{"start":{"line":119,"column":0},"end":{"line":119,"column":59}},"119":{"start":{"line":120,"column":0},"end":{"line":120,"column":39}},"121":{"start":{"line":122,"column":0},"end":{"line":122,"column":59}},"122":{"start":{"line":123,"column":0},"end":{"line":123,"column":39}},"123":{"start":{"line":124,"column":0},"end":{"line":124,"column":43}},"125":{"start":{"line":126,"column":0},"end":{"line":126,"column":75}},"126":{"start":{"line":127,"column":0},"end":{"line":127,"column":35}},"127":{"start":{"line":128,"column":0},"end":{"line":128,"column":46}},"128":{"start":{"line":129,"column":0},"end":{"line":129,"column":5}},"129":{"start":{"line":130,"column":0},"end":{"line":130,"column":3}}},"s":{"0":1,"1":1,"2":1,"9":1,"10":1,"11":1,"17":1,"18":1,"19":1,"20":1,"21":1,"22":1,"23":1,"25":1,"26":1,"27":1,"28":1,"29":1,"30":1,"31":1,"32":1,"33":1,"34":1,"35":1,"36":1,"37":1,"38":1,"39":1,"40":1,"41":1,"42":1,"43":1,"44":1,"45":1,"46":1,"47":1,"48":1,"49":1,"50":1,"51":1,"52":1,"53":1,"54":1,"55":1,"56":1,"57":1,"58":1,"60":1,"61":1,"62":1,"63":1,"65":1,"66":1,"67":1,"68":1,"70":1,"72":1,"73":1,"74":1,"75":1,"76":1,"77":1,"78":1,"79":5,"80":1,"82":1,"83":1,"84":1,"85":1,"86":1,"87":1,"88":1,"89":1,"90":1,"91":1,"92":1,"93":1,"94":1,"95":1,"96":1,"97":1,"98":1,"99":1,"100":1,"101":1,"103":1,"104":1,"105":1,"106":1,"107":1,"108":1,"109":1,"110":1,"111":1,"112":1,"113":1,"114":1,"115":1,"116":1,"117":1,"118":1,"119":1,"121":1,"122":1,"123":1,"125":1,"126":1,"127":1,"128":1,"129":1},"branchMap":{"0":{"type":"branch","line":18,"loc":{"start":{"line":18,"column":20},"end":{"line":130,"column":3}},"locations":[{"start":{"line":18,"column":20},"end":{"line":130,"column":3}}]},"1":{"type":"branch","line":19,"loc":{"start":{"line":19,"column":65},"end":{"line":41,"column":3}},"locations":[{"start":{"line":19,"column":65},"end":{"line":41,"column":3}}]},"2":{"type":"branch","line":42,"loc":{"start":{"line":42,"column":63},"end":{"line":52,"column":3}},"locations":[{"start":{"line":42,"column":63},"end":{"line":52,"column":3}}]},"3":{"type":"branch","line":53,"loc":{"start":{"line":53,"column":68},"end":{"line":87,"column":3}},"locations":[{"start":{"line":53,"column":68},"end":{"line":87,"column":3}}]},"4":{"type":"branch","line":79,"loc":{"start":{"line":79,"column":24},"end":{"line":81,"column":5}},"locations":[{"start":{"line":79,"column":24},"end":{"line":81,"column":5}}]},"5":{"type":"branch","line":88,"loc":{"start":{"line":88,"column":117},"end":{"line":109,"column":3}},"locations":[{"start":{"line":88,"column":117},"end":{"line":109,"column":3}}]},"6":{"type":"branch","line":110,"loc":{"start":{"line":110,"column":59},"end":{"line":129,"column":3}},"locations":[{"start":{"line":110,"column":59},"end":{"line":129,"column":3}}]}},"b":{"0":[1],"1":[1],"2":[1],"3":[1],"4":[5],"5":[1],"6":[1]},"fnMap":{},"f":{}}
,"C:\\Users\\Nitron\\git\\test-examination\\individuell-examination-tester\\strajk-bowling\\src\\views\\Confirmation.jsx": {"path":"C:\\Users\\Nitron\\git\\test-examination\\individuell-examination-tester\\strajk-bowling\\src\\views\\Confirmation.jsx","all":false,"statementMap":{"0":{"start":{"line":1,"column":0},"end":{"line":1,"column":29}},"1":{"start":{"line":2,"column":0},"end":{"line":2,"column":47}},"3":{"start":{"line":4,"column":0},"end":{"line":4,"column":40}},"4":{"start":{"line":5,"column":0},"end":{"line":5,"column":61}},"5":{"start":{"line":6,"column":0},"end":{"line":6,"column":46}},"7":{"start":{"line":8,"column":0},"end":{"line":8,"column":25}},"8":{"start":{"line":9,"column":0},"end":{"line":9,"column":34}},"9":{"start":{"line":10,"column":0},"end":{"line":10,"column":22}},"10":{"start":{"line":11,"column":0},"end":{"line":11,"column":33}},"11":{"start":{"line":12,"column":0},"end":{"line":12,"column":55}},"13":{"start":{"line":14,"column":0},"end":{"line":14,"column":10}},"14":{"start":{"line":15,"column":0},"end":{"line":15,"column":38}},"15":{"start":{"line":16,"column":0},"end":{"line":16,"column":20}},"16":{"start":{"line":17,"column":0},"end":{"line":17,"column":35}},"17":{"start":{"line":18,"column":0},"end":{"line":18,"column":32}},"18":{"start":{"line":19,"column":0},"end":{"line":19,"column":48}},"19":{"start":{"line":20,"column":0},"end":{"line":20,"column":16}},"20":{"start":{"line":21,"column":0},"end":{"line":21,"column":24}},"21":{"start":{"line":22,"column":0},"end":{"line":22,"column":23}},"22":{"start":{"line":23,"column":0},"end":{"line":23,"column":45}},"23":{"start":{"line":24,"column":0},"end":{"line":24,"column":62}},"24":{"start":{"line":25,"column":0},"end":{"line":25,"column":31}},"25":{"start":{"line":26,"column":0},"end":{"line":26,"column":12}},"26":{"start":{"line":27,"column":0},"end":{"line":27,"column":16}},"27":{"start":{"line":28,"column":0},"end":{"line":28,"column":23}},"28":{"start":{"line":29,"column":0},"end":{"line":29,"column":23}},"29":{"start":{"line":30,"column":0},"end":{"line":30,"column":45}},"30":{"start":{"line":31,"column":0},"end":{"line":31,"column":46}},"31":{"start":{"line":32,"column":0},"end":{"line":32,"column":31}},"32":{"start":{"line":33,"column":0},"end":{"line":33,"column":12}},"33":{"start":{"line":34,"column":0},"end":{"line":34,"column":16}},"34":{"start":{"line":35,"column":0},"end":{"line":35,"column":25}},"35":{"start":{"line":36,"column":0},"end":{"line":36,"column":23}},"36":{"start":{"line":37,"column":0},"end":{"line":37,"column":45}},"37":{"start":{"line":38,"column":0},"end":{"line":38,"column":45}},"38":{"start":{"line":39,"column":0},"end":{"line":39,"column":31}},"39":{"start":{"line":40,"column":0},"end":{"line":40,"column":12}},"40":{"start":{"line":41,"column":0},"end":{"line":41,"column":16}},"41":{"start":{"line":42,"column":0},"end":{"line":42,"column":34}},"42":{"start":{"line":43,"column":0},"end":{"line":43,"column":23}},"43":{"start":{"line":44,"column":0},"end":{"line":44,"column":45}},"44":{"start":{"line":45,"column":0},"end":{"line":45,"column":42}},"45":{"start":{"line":46,"column":0},"end":{"line":46,"column":31}},"46":{"start":{"line":47,"column":0},"end":{"line":47,"column":12}},"47":{"start":{"line":48,"column":0},"end":{"line":48,"column":51}},"48":{"start":{"line":49,"column":0},"end":{"line":49,"column":25}},"49":{"start":{"line":50,"column":0},"end":{"line":50,"column":43}},"50":{"start":{"line":51,"column":0},"end":{"line":51,"column":20}},"51":{"start":{"line":52,"column":0},"end":{"line":52,"column":58}},"53":{"start":{"line":54,"column":0},"end":{"line":54,"column":19}},"54":{"start":{"line":55,"column":0},"end":{"line":55,"column":15}},"56":{"start":{"line":57,"column":0},"end":{"line":57,"column":73}},"58":{"start":{"line":59,"column":0},"end":{"line":59,"column":14}},"60":{"start":{"line":61,"column":0},"end":{"line":61,"column":1}},"62":{"start":{"line":63,"column":0},"end":{"line":63,"column":28}}},"s":{"0":1,"1":1,"3":1,"4":1,"5":1,"7":3,"8":3,"9":3,"10":3,"11":2,"13":3,"14":3,"15":3,"16":3,"17":3,"18":2,"19":2,"20":2,"21":2,"22":2,"23":2,"24":2,"25":2,"26":2,"27":2,"28":2,"29":2,"30":2,"31":2,"32":2,"33":2,"34":2,"35":2,"36":2,"37":2,"38":2,"39":2,"40":2,"41":2,"42":2,"43":2,"44":2,"45":2,"46":2,"47":2,"48":2,"49":2,"50":2,"51":2,"53":2,"54":2,"56":1,"58":3,"60":3,"62":1},"branchMap":{"0":{"type":"branch","line":8,"loc":{"start":{"line":8,"column":0},"end":{"line":61,"column":1}},"locations":[{"start":{"line":8,"column":0},"end":{"line":61,"column":1}}]},"1":{"type":"branch","line":11,"loc":{"start":{"line":11,"column":4},"end":{"line":11,"column":33}},"locations":[{"start":{"line":11,"column":4},"end":{"line":11,"column":33}}]},"2":{"type":"branch","line":11,"loc":{"start":{"line":11,"column":11},"end":{"line":12,"column":55}},"locations":[{"start":{"line":11,"column":11},"end":{"line":12,"column":55}}]},"3":{"type":"branch","line":18,"loc":{"start":{"line":18,"column":7},"end":{"line":18,"column":32}},"locations":[{"start":{"line":18,"column":7},"end":{"line":18,"column":32}}]},"4":{"type":"branch","line":18,"loc":{"start":{"line":18,"column":16},"end":{"line":55,"column":15}},"locations":[{"start":{"line":18,"column":16},"end":{"line":55,"column":15}}]},"5":{"type":"branch","line":55,"loc":{"start":{"line":55,"column":8},"end":{"line":57,"column":73}},"locations":[{"start":{"line":55,"column":8},"end":{"line":57,"column":73}}]}},"b":{"0":[3],"1":[1],"2":[2],"3":[2],"4":[2],"5":[1]},"fnMap":{"0":{"name":"Confirmation","decl":{"start":{"line":8,"column":0},"end":{"line":61,"column":1}},"loc":{"start":{"line":8,"column":0},"end":{"line":61,"column":1}},"line":8}},"f":{"0":3}}
}
