{"total": {"lines":{"total":541,"covered":541,"skipped":0,"pct":100},"statements":{"total":541,"covered":541,"skipped":0,"pct":100},"functions":{"total":25,"covered":25,"skipped":0,"pct":100},"branches":{"total":80,"covered":79,"skipped":0,"pct":98.75},"branchesTrue":{"total":0,"covered":0,"skipped":0,"pct":100}}
,"C:\\Users\\Nitron\\git\\test-examination\\individuell-examination-tester\\strajk-bowling\\src\\App.jsx": {"lines":{"total":10,"covered":10,"skipped":0,"pct":100},"functions":{"total":1,"covered":1,"skipped":0,"pct":100},"statements":{"total":10,"covered":10,"skipped":0,"pct":100},"branches":{"total":1,"covered":1,"skipped":0,"pct":100}}
,"C:\\Users\\Nitron\\git\\test-examination\\individuell-examination-tester\\strajk-bowling\\src\\App.test.jsx": {"lines":{"total":50,"covered":50,"skipped":0,"pct":100},"functions":{"total":1,"covered":1,"skipped":0,"pct":100},"statements":{"total":50,"covered":50,"skipped":0,"pct":100},"branches":{"total":5,"covered":5,"skipped":0,"pct":100}}
,"C:\\Users\\Nitron\\git\\test-examination\\individuell-examination-tester\\strajk-bowling\\src\\router.jsx": {"lines":{"total":14,"covered":14,"skipped":0,"pct":100},"functions":{"total":0,"covered":0,"skipped":0,"pct":100},"statements":{"total":14,"covered":14,"skipped":0,"pct":100},"branches":{"total":0,"covered":0,"skipped":0,"pct":100}}
,"C:\\Users\\Nitron\\git\\test-examination\\individuell-examination-tester\\strajk-bowling\\src\\components\\BookingInfo\\BookingInfo.jsx": {"lines":{"total":44,"covered":44,"skipped":0,"pct":100},"functions":{"total":1,"covered":1,"skipped":0,"pct":100},"statements":{"total":44,"covered":44,"skipped":0,"pct":100},"branches":{"total":1,"covered":1,"skipped":0,"pct":100}}
,"C:\\Users\\Nitron\\git\\test-examination\\individuell-examination-tester\\strajk-bowling\\src\\components\\ErrorMessage\\ErrorMessage.jsx": {"lines":{"total":8,"covered":8,"skipped":0,"pct":100},"functions":{"total":1,"covered":1,"skipped":0,"pct":100},"statements":{"total":8,"covered":8,"skipped":0,"pct":100},"branches":{"total":1,"covered":1,"skipped":0,"pct":100}}
,"C:\\Users\\Nitron\\git\\test-examination\\individuell-examination-tester\\strajk-bowling\\src\\components\\Input\\Input.jsx": {"lines":{"total":26,"covered":26,"skipped":0,"pct":100},"functions":{"total":1,"covered":1,"skipped":0,"pct":100},"statements":{"total":26,"covered":26,"skipped":0,"pct":100},"branches":{"total":5,"covered":5,"skipped":0,"pct":100}}
,"C:\\Users\\Nitron\\git\\test-examination\\individuell-examination-tester\\strajk-bowling\\src\\components\\Navigation\\Navigation.jsx": {"lines":{"total":18,"covered":18,"skipped":0,"pct":100},"functions":{"total":4,"covered":4,"skipped":0,"pct":100},"statements":{"total":18,"covered":18,"skipped":0,"pct":100},"branches":{"total":10,"covered":10,"skipped":0,"pct":100}}
,"C:\\Users\\Nitron\\git\\test-examination\\individuell-examination-tester\\strajk-bowling\\src\\components\\Shoes\\Shoes.jsx": {"lines":{"total":42,"covered":42,"skipped":0,"pct":100},"functions":{"total":3,"covered":3,"skipped":0,"pct":100},"statements":{"total":42,"covered":42,"skipped":0,"pct":100},"branches":{"total":4,"covered":4,"skipped":0,"pct":100}}
,"C:\\Users\\Nitron\\git\\test-examination\\individuell-examination-tester\\strajk-bowling\\src\\components\\Top\\Top.jsx": {"lines":{"total":10,"covered":10,"skipped":0,"pct":100},"functions":{"total":1,"covered":1,"skipped":0,"pct":100},"statements":{"total":10,"covered":10,"skipped":0,"pct":100},"branches":{"total":1,"covered":1,"skipped":0,"pct":100}}
,"C:\\Users\\Nitron\\git\\test-examination\\individuell-examination-tester\\strajk-bowling\\src\\mocks\\handlers.js": {"lines":{"total":24,"covered":24,"skipped":0,"pct":100},"functions":{"total":0,"covered":0,"skipped":0,"pct":100},"statements":{"total":24,"covered":24,"skipped":0,"pct":100},"branches":{"total":1,"covered":1,"skipped":0,"pct":100}}
,"C:\\Users\\Nitron\\git\\test-examination\\individuell-examination-tester\\strajk-bowling\\src\\mocks\\server.js": {"lines":{"total":4,"covered":4,"skipped":0,"pct":100},"functions":{"total":0,"covered":0,"skipped":0,"pct":100},"statements":{"total":4,"covered":4,"skipped":0,"pct":100},"branches":{"total":0,"covered":0,"skipped":0,"pct":100}}
,"C:\\Users\\Nitron\\git\\test-examination\\individuell-examination-tester\\strajk-bowling\\src\\views\\Booking.jsx": {"lines":{"total":126,"covered":126,"skipped":0,"pct":100},"functions":{"total":11,"covered":11,"skipped":0,"pct":100},"statements":{"total":126,"covered":126,"skipped":0,"pct":100},"branches":{"total":38,"covered":37,"skipped":0,"pct":97.36}}
,"C:\\Users\\Nitron\\git\\test-examination\\individuell-examination-tester\\strajk-bowling\\src\\views\\Booking.test.jsx": {"lines":{"total":110,"covered":110,"skipped":0,"pct":100},"functions":{"total":0,"covered":0,"skipped":0,"pct":100},"statements":{"total":110,"covered":110,"skipped":0,"pct":100},"branches":{"total":7,"covered":7,"skipped":0,"pct":100}}
,"C:\\Users\\Nitron\\git\\test-examination\\individuell-examination-tester\\strajk-bowling\\src\\views\\Confirmation.jsx": {"lines":{"total":55,"covered":55,"skipped":0,"pct":100},"functions":{"total":1,"covered":1,"skipped":0,"pct":100},"statements":{"total":55,"covered":55,"skipped":0,"pct":100},"branches":{"total":6,"covered":6,"skipped":0,"pct":100}}
}
