TN:
SF:src\App.jsx
FN:6,App
FNF:1
FNH:1
FNDA:2,App
DA:1,1
DA:2,1
DA:4,1
DA:6,2
DA:7,2
DA:8,2
DA:9,2
DA:10,2
DA:12,2
DA:14,1
LF:10
LH:10
BRDA:6,0,0,2
BRF:1
BRH:1
end_of_record
TN:
SF:src\App.test.jsx
FN:43,__vite_ssr_import_1__.waitFor.timeout
FNF:1
FNH:1
FNDA:1,__vite_ssr_import_1__.waitFor.timeout
DA:1,1
DA:2,1
DA:3,1
DA:5,1
DA:6,1
DA:7,1
DA:8,1
DA:9,1
DA:11,1
DA:12,1
DA:13,1
DA:14,1
DA:15,1
DA:16,1
DA:17,1
DA:18,1
DA:19,1
DA:20,1
DA:21,1
DA:23,1
DA:25,1
DA:26,1
DA:27,1
DA:28,1
DA:29,1
DA:30,1
DA:31,1
DA:32,1
DA:34,1
DA:35,1
DA:36,1
DA:37,1
DA:38,1
DA:39,2
DA:40,1
DA:41,1
DA:43,1
DA:44,1
DA:45,1
DA:46,1
DA:47,1
DA:48,1
DA:49,1
DA:50,1
DA:51,1
DA:52,1
DA:53,1
DA:54,1
DA:55,1
DA:56,1
LF:50
LH:50
BRDA:5,0,0,1
BRDA:6,1,0,1
BRDA:20,2,0,1
BRDA:38,3,0,2
BRDA:43,4,0,1
BRF:5
BRH:5
end_of_record
TN:
SF:src\router.jsx
FNF:0
FNH:0
DA:1,1
DA:3,1
DA:4,1
DA:6,1
DA:7,1
DA:8,1
DA:9,1
DA:10,1
DA:11,1
DA:12,1
DA:13,1
DA:14,1
DA:15,1
DA:17,1
LF:14
LH:14
BRF:0
BRH:0
end_of_record
TN:
SF:src\components\BookingInfo\BookingInfo.jsx
FN:5,BookingInfo
FNF:1
FNH:1
FNDA:58,BookingInfo
DA:1,1
DA:3,1
DA:5,58
DA:6,58
DA:7,58
DA:8,58
DA:9,58
DA:10,58
DA:11,58
DA:12,58
DA:13,58
DA:14,58
DA:15,58
DA:16,58
DA:17,58
DA:18,58
DA:19,58
DA:20,58
DA:21,58
DA:22,58
DA:23,58
DA:24,58
DA:25,58
DA:26,58
DA:27,58
DA:28,58
DA:29,58
DA:30,58
DA:31,58
DA:32,58
DA:33,58
DA:34,58
DA:35,58
DA:36,58
DA:37,58
DA:38,58
DA:39,58
DA:40,58
DA:41,58
DA:42,58
DA:43,58
DA:44,58
DA:46,58
DA:48,1
LF:44
LH:44
BRDA:5,0,0,58
BRF:1
BRH:1
end_of_record
TN:
SF:src\components\ErrorMessage\ErrorMessage.jsx
FN:3,ErrorMessage
FNF:1
FNH:1
FNDA:4,ErrorMessage
DA:1,1
DA:3,4
DA:4,4
DA:5,4
DA:6,4
DA:7,4
DA:9,4
DA:11,1
LF:8
LH:8
BRDA:3,0,0,4
BRF:1
BRH:1
end_of_record
TN:
SF:src\components\Input\Input.jsx
FN:3,Input
FNF:1
FNH:1
FNDA:300,Input
DA:1,1
DA:3,300
DA:4,300
DA:5,300
DA:6,300
DA:7,300
DA:8,300
DA:9,300
DA:10,300
DA:11,300
DA:12,300
DA:13,300
DA:14,300
DA:15,300
DA:16,300
DA:17,300
DA:18,300
DA:19,300
DA:20,300
DA:21,300
DA:22,300
DA:23,300
DA:24,300
DA:25,300
DA:27,300
DA:29,1
LF:26
LH:26
BRDA:3,0,0,300
BRDA:18,1,0,242
BRDA:18,2,0,58
BRDA:21,3,0,8
BRDA:21,4,0,292
BRF:5
BRH:5
end_of_record
TN:
SF:src\components\Navigation\Navigation.jsx
FN:6,Navigation
FN:13,onClick
FN:15,onClick
FN:17,onClick
FNF:4
FNH:4
FNDA:63,Navigation
FNDA:2,onClick
FNDA:2,onClick
FNDA:2,onClick
DA:1,1
DA:2,1
DA:3,1
DA:4,1
DA:6,63
DA:7,63
DA:8,63
DA:10,63
DA:11,63
DA:12,63
DA:13,63
DA:14,63
DA:15,63
DA:16,63
DA:17,63
DA:18,63
DA:20,63
DA:22,1
LF:18
LH:18
BRDA:6,0,0,63
BRDA:11,1,0,2
BRDA:11,2,0,61
BRDA:14,3,0,2
BRDA:14,4,0,61
BRDA:16,5,0,2
BRDA:16,6,0,61
BRDA:13,7,0,2
BRDA:15,8,0,2
BRDA:17,9,0,2
BRF:10
BRH:10
end_of_record
TN:
SF:src\components\Shoes\Shoes.jsx
FN:6,Shoes
FN:21,onClick
FN:41,onClick
FNF:3
FNH:3
FNDA:58,Shoes
FNDA:1,onClick
FNDA:10,onClick
DA:1,1
DA:2,1
DA:4,1
DA:6,58
DA:7,58
DA:8,60
DA:9,60
DA:10,60
DA:11,60
DA:12,60
DA:13,60
DA:14,60
DA:15,60
DA:16,60
DA:17,60
DA:18,60
DA:19,60
DA:20,60
DA:21,60
DA:22,1
DA:23,1
DA:24,60
DA:26,60
DA:27,60
DA:30,60
DA:31,58
DA:33,58
DA:34,58
DA:35,58
DA:36,58
DA:37,58
DA:38,58
DA:39,58
DA:40,58
DA:41,58
DA:42,10
DA:43,10
DA:44,58
DA:46,58
DA:47,58
DA:49,58
DA:51,1
LF:42
LH:42
BRDA:6,0,0,58
BRDA:7,1,0,60
BRDA:21,2,0,1
BRDA:41,3,0,10
BRF:4
BRH:4
end_of_record
TN:
SF:src\components\Top\Top.jsx
FN:4,Top
FNF:1
FNH:1
FNDA:61,Top
DA:1,1
DA:2,1
DA:4,61
DA:5,61
DA:6,61
DA:7,61
DA:8,61
DA:9,61
DA:11,61
DA:13,1
LF:10
LH:10
BRDA:4,0,0,61
BRF:1
BRH:1
end_of_record
TN:
SF:src\mocks\handlers.js
FNF:0
FNH:0
DA:1,1
DA:2,1
DA:3,1
DA:4,1
DA:5,1
DA:6,1
DA:7,1
DA:8,1
DA:9,1
DA:10,1
DA:11,1
DA:12,1
DA:13,1
DA:14,1
DA:15,1
DA:16,1
DA:17,1
DA:18,1
DA:19,1
DA:20,1
DA:21,1
DA:22,1
DA:23,1
DA:24,1
LF:24
LH:24
BRDA:6,0,0,1
BRF:1
BRH:1
end_of_record
TN:
SF:src\mocks\server.js
FNF:0
FNH:0
DA:1,1
DA:2,1
DA:3,1
DA:4,1
LF:4
LH:4
BRF:0
BRH:0
end_of_record
TN:
SF:src\views\Booking.jsx
FN:11,Booking
FN:22,updateBookingDetails
FN:32,updateSize
FN:45,addShoe
FN:51,removeShoe
FN:57,isShoeSizesFilled
FN:65,checkPlayersAndLanes
FN:74,sendBooking
FN:90,comparePeopleAndShoes
FN:94,saveConfirmation
FN:102,book
FNF:11
FNH:11
FNDA:58,Booking
FNDA:23,updateBookingDetails
FNDA:10,updateSize
FNDA:10,addShoe
FNDA:1,removeShoe
FNDA:3,isShoeSizesFilled
FNDA:2,checkPlayersAndLanes
FNDA:1,sendBooking
FNDA:4,comparePeopleAndShoes
FNDA:1,saveConfirmation
FNDA:5,book
DA:1,1
DA:2,1
DA:3,1
DA:5,1
DA:6,1
DA:7,1
DA:8,1
DA:9,1
DA:11,58
DA:12,58
DA:13,58
DA:14,58
DA:15,58
DA:16,58
DA:17,58
DA:18,58
DA:19,58
DA:20,58
DA:22,58
DA:23,23
DA:24,23
DA:26,23
DA:27,23
DA:28,23
DA:29,23
DA:30,23
DA:32,58
DA:33,10
DA:34,10
DA:36,10
DA:37,10
DA:38,10
DA:39,32
DA:40,10
DA:41,10
DA:42,10
DA:43,10
DA:45,58
DA:46,10
DA:48,10
DA:49,10
DA:51,58
DA:52,1
DA:54,1
DA:55,1
DA:57,58
DA:58,3
DA:60,3
DA:62,3
DA:63,3
DA:65,58
DA:66,2
DA:67,2
DA:69,2
DA:71,1
DA:72,2
DA:74,58
DA:75,1
DA:76,1
DA:77,1
DA:78,1
DA:79,1
DA:80,1
DA:81,1
DA:82,1
DA:83,1
DA:84,1
DA:85,1
DA:86,1
DA:87,1
DA:88,1
DA:90,58
DA:91,4
DA:92,4
DA:94,58
DA:95,1
DA:96,1
DA:98,1
DA:99,1
DA:100,1
DA:102,58
DA:103,5
DA:105,5
DA:106,1
DA:107,5
DA:108,1
DA:109,4
DA:110,1
DA:111,2
DA:112,1
DA:113,1
DA:116,5
DA:117,4
DA:118,4
DA:119,4
DA:121,1
DA:122,1
DA:123,1
DA:124,1
DA:125,1
DA:126,1
DA:128,1
DA:130,1
DA:132,1
DA:133,1
DA:135,1
DA:136,1
DA:137,1
DA:138,5
DA:140,58
DA:141,58
DA:142,58
DA:143,58
DA:144,58
DA:145,58
DA:146,58
DA:147,58
DA:148,58
DA:149,58
DA:150,58
DA:151,58
DA:153,58
DA:154,58
DA:155,58
DA:157,58
DA:159,1
LF:126
LH:126
BRDA:11,0,0,58
BRDA:154,1,0,4
BRDA:154,2,0,54
BRDA:22,3,0,23
BRDA:26,4,0,23
BRDA:32,5,0,10
BRDA:36,6,0,0
BRDA:37,7,0,10
BRDA:38,8,0,32
BRDA:39,9,0,10
BRDA:39,10,0,22
BRDA:45,11,0,10
BRDA:51,12,0,1
BRDA:54,13,0,1
BRDA:57,14,0,3
BRDA:60,15,0,8
BRDA:60,16,0,7
BRDA:60,17,0,1
BRDA:65,18,0,2
BRDA:69,19,0,1
BRDA:74,20,0,1
BRDA:90,21,0,4
BRDA:94,22,0,1
BRDA:95,23,0,1
BRDA:102,24,0,5
BRDA:105,25,0,4
BRDA:105,26,0,4
BRDA:105,27,0,1
BRDA:107,28,0,4
BRDA:107,29,0,1
BRDA:109,30,0,3
BRDA:109,31,0,2
BRDA:109,32,0,1
BRDA:111,33,0,1
BRDA:116,34,0,4
BRDA:119,35,0,1
BRDA:125,36,0,2
BRF:37
BRH:36
end_of_record
TN:
SF:src\views\Booking.test.jsx
FNF:0
FNH:0
DA:1,1
DA:2,1
DA:3,1
DA:10,1
DA:11,1
DA:12,1
DA:18,1
DA:19,1
DA:20,1
DA:21,1
DA:22,1
DA:23,1
DA:24,1
DA:26,1
DA:27,1
DA:28,1
DA:29,1
DA:30,1
DA:31,1
DA:32,1
DA:33,1
DA:34,1
DA:35,1
DA:36,1
DA:37,1
DA:38,1
DA:39,1
DA:40,1
DA:41,1
DA:42,1
DA:43,1
DA:44,1
DA:45,1
DA:46,1
DA:47,1
DA:48,1
DA:49,1
DA:50,1
DA:51,1
DA:53,1
DA:54,1
DA:55,1
DA:56,1
DA:57,1
DA:58,1
DA:59,1
DA:60,1
DA:61,1
DA:62,1
DA:63,1
DA:64,1
DA:66,1
DA:67,1
DA:68,1
DA:69,1
DA:71,1
DA:72,1
DA:73,1
DA:74,1
DA:76,1
DA:78,1
DA:79,1
DA:80,1
DA:81,1
DA:82,1
DA:83,1
DA:84,1
DA:85,5
DA:86,1
DA:88,1
DA:89,1
DA:90,1
DA:91,1
DA:92,1
DA:93,1
DA:94,1
DA:95,1
DA:96,1
DA:97,1
DA:98,1
DA:99,1
DA:100,1
DA:101,1
DA:102,1
DA:103,1
DA:104,1
DA:105,1
DA:106,1
DA:107,1
DA:108,1
DA:109,1
DA:110,1
DA:111,1
DA:112,1
DA:113,1
DA:114,1
DA:115,1
DA:116,1
DA:117,1
DA:118,1
DA:119,1
DA:120,1
DA:121,1
DA:122,1
DA:123,1
DA:124,1
DA:125,1
DA:126,1
DA:127,1
DA:128,1
DA:129,1
DA:130,1
DA:131,1
DA:132,1
DA:133,1
DA:134,1
DA:135,1
DA:136,1
DA:137,1
DA:138,1
DA:139,1
DA:140,1
DA:142,1
DA:143,1
DA:144,1
DA:146,1
DA:147,1
DA:148,1
DA:149,1
DA:150,1
LF:130
LH:130
BRDA:18,0,0,1
BRDA:19,1,0,1
BRDA:42,2,0,1
BRDA:58,3,0,1
BRDA:84,4,0,5
BRDA:93,5,0,1
BRDA:109,6,0,1
BRDA:130,7,0,1
BRF:8
BRH:8
end_of_record
TN:
SF:src\views\Confirmation.jsx
FN:8,Confirmation
FNF:1
FNH:1
FNDA:3,Confirmation
DA:1,1
DA:2,1
DA:4,1
DA:5,1
DA:6,1
DA:8,3
DA:9,3
DA:10,3
DA:11,3
DA:12,2
DA:14,3
DA:15,3
DA:16,3
DA:17,3
DA:18,3
DA:19,2
DA:20,2
DA:21,2
DA:22,2
DA:23,2
DA:24,2
DA:25,2
DA:26,2
DA:27,2
DA:28,2
DA:29,2
DA:30,2
DA:31,2
DA:32,2
DA:33,2
DA:34,2
DA:35,2
DA:36,2
DA:37,2
DA:38,2
DA:39,2
DA:40,2
DA:41,2
DA:42,2
DA:43,2
DA:44,2
DA:45,2
DA:46,2
DA:47,2
DA:48,2
DA:49,2
DA:50,2
DA:51,2
DA:52,2
DA:54,2
DA:55,2
DA:57,1
DA:59,3
DA:61,3
DA:63,1
LF:55
LH:55
BRDA:8,0,0,3
BRDA:11,1,0,1
BRDA:11,2,0,2
BRDA:18,3,0,2
BRDA:18,4,0,2
BRDA:55,5,0,1
BRF:6
BRH:6
end_of_record
