TN:
SF:src\App.jsx
FN:6,App
FNF:1
FNH:1
FNDA:2,App
DA:1,1
DA:2,1
DA:4,1
DA:6,2
DA:7,2
DA:8,2
DA:9,2
DA:10,2
DA:12,2
DA:14,1
LF:10
LH:10
BRDA:6,0,0,2
BRF:1
BRH:1
end_of_record
TN:
SF:src\App.test.jsx
FN:43,__vite_ssr_import_1__.waitFor.timeout
FNF:1
FNH:1
FNDA:1,__vite_ssr_import_1__.waitFor.timeout
DA:1,1
DA:2,1
DA:3,1
DA:5,1
DA:6,1
DA:7,1
DA:8,1
DA:9,1
DA:11,1
DA:12,1
DA:13,1
DA:14,1
DA:15,1
DA:16,1
DA:17,1
DA:18,1
DA:19,1
DA:20,1
DA:21,1
DA:23,1
DA:25,1
DA:26,1
DA:27,1
DA:28,1
DA:29,1
DA:30,1
DA:31,1
DA:32,1
DA:34,1
DA:35,1
DA:36,1
DA:37,1
DA:38,1
DA:39,2
DA:40,1
DA:41,1
DA:43,1
DA:44,1
DA:45,1
DA:46,1
DA:47,1
DA:48,1
DA:49,1
DA:50,1
DA:51,1
DA:52,1
DA:53,1
DA:54,1
DA:55,1
DA:56,1
LF:50
LH:50
BRDA:5,0,0,1
BRDA:6,1,0,1
BRDA:20,2,0,1
BRDA:38,3,0,2
BRDA:43,4,0,1
BRF:5
BRH:5
end_of_record
TN:
SF:src\router.jsx
FNF:0
FNH:0
DA:1,1
DA:3,1
DA:4,1
DA:6,1
DA:7,1
DA:8,1
DA:9,1
DA:10,1
DA:11,1
DA:12,1
DA:13,1
DA:14,1
DA:15,1
DA:17,1
LF:14
LH:14
BRF:0
BRH:0
end_of_record
TN:
SF:src\components\BookingInfo\BookingInfo.jsx
FN:5,BookingInfo
FNF:1
FNH:1
FNDA:49,BookingInfo
DA:1,1
DA:3,1
DA:5,49
DA:6,49
DA:7,49
DA:8,49
DA:9,49
DA:10,49
DA:11,49
DA:12,49
DA:13,49
DA:14,49
DA:15,49
DA:16,49
DA:17,49
DA:18,49
DA:19,49
DA:20,49
DA:21,49
DA:22,49
DA:23,49
DA:24,49
DA:25,49
DA:26,49
DA:27,49
DA:28,49
DA:29,49
DA:30,49
DA:31,49
DA:32,49
DA:33,49
DA:34,49
DA:35,49
DA:36,49
DA:37,49
DA:38,49
DA:39,49
DA:40,49
DA:41,49
DA:42,49
DA:43,49
DA:44,49
DA:46,49
DA:48,1
LF:44
LH:44
BRDA:5,0,0,49
BRF:1
BRH:1
end_of_record
TN:
SF:src\components\ErrorMessage\ErrorMessage.jsx
FN:3,ErrorMessage
FNF:1
FNH:1
FNDA:4,ErrorMessage
DA:1,1
DA:3,4
DA:4,4
DA:5,4
DA:6,4
DA:7,4
DA:9,4
DA:11,1
LF:8
LH:8
BRDA:3,0,0,4
BRF:1
BRH:1
end_of_record
TN:
SF:src\components\Input\Input.jsx
FN:3,Input
FNF:1
FNH:1
FNDA:263,Input
DA:1,1
DA:3,263
DA:4,263
DA:5,263
DA:6,263
DA:7,263
DA:8,263
DA:9,263
DA:10,263
DA:11,263
DA:12,263
DA:13,263
DA:14,263
DA:15,263
DA:16,263
DA:17,263
DA:18,263
DA:19,263
DA:20,263
DA:21,263
DA:22,263
DA:23,263
DA:24,263
DA:25,263
DA:27,263
DA:29,1
LF:26
LH:26
BRDA:3,0,0,263
BRDA:18,1,0,214
BRDA:18,2,0,49
BRDA:21,3,0,8
BRDA:21,4,0,255
BRF:5
BRH:5
end_of_record
TN:
SF:src\components\Navigation\Navigation.jsx
FN:6,Navigation
FN:13,onClick
FN:15,onClick
FN:17,onClick
FNF:4
FNH:4
FNDA:54,Navigation
FNDA:2,onClick
FNDA:2,onClick
FNDA:2,onClick
DA:1,1
DA:2,1
DA:3,1
DA:4,1
DA:6,54
DA:7,54
DA:8,54
DA:10,54
DA:11,54
DA:12,54
DA:13,54
DA:14,54
DA:15,54
DA:16,54
DA:17,54
DA:18,54
DA:20,54
DA:22,1
LF:18
LH:18
BRDA:6,0,0,54
BRDA:11,1,0,2
BRDA:11,2,0,52
BRDA:14,3,0,2
BRDA:14,4,0,52
BRDA:16,5,0,2
BRDA:16,6,0,52
BRDA:13,7,0,2
BRDA:15,8,0,2
BRDA:17,9,0,2
BRF:10
BRH:10
end_of_record
TN:
SF:src\components\Shoes\Shoes.jsx
FN:6,Shoes
FN:21,onClick
FN:41,onClick
FNF:3
FNH:3
FNDA:49,Shoes
FNDA:1,onClick
FNDA:9,onClick
DA:1,1
DA:2,1
DA:4,1
DA:6,49
DA:7,49
DA:8,59
DA:9,59
DA:10,59
DA:11,59
DA:12,59
DA:13,59
DA:14,59
DA:15,59
DA:16,59
DA:17,59
DA:18,59
DA:19,59
DA:20,59
DA:21,59
DA:22,1
DA:23,1
DA:24,59
DA:26,59
DA:27,59
DA:30,59
DA:31,49
DA:33,49
DA:34,49
DA:35,49
DA:36,49
DA:37,49
DA:38,49
DA:39,49
DA:40,49
DA:41,49
DA:42,9
DA:43,9
DA:44,49
DA:46,49
DA:47,49
DA:49,49
DA:51,1
LF:42
LH:42
BRDA:6,0,0,49
BRDA:7,1,0,59
BRDA:21,2,0,1
BRDA:41,3,0,9
BRF:4
BRH:4
end_of_record
TN:
SF:src\components\Top\Top.jsx
FN:4,Top
FNF:1
FNH:1
FNDA:52,Top
DA:1,1
DA:2,1
DA:4,52
DA:5,52
DA:6,52
DA:7,52
DA:8,52
DA:9,52
DA:11,52
DA:13,1
LF:10
LH:10
BRDA:4,0,0,52
BRF:1
BRH:1
end_of_record
TN:
SF:src\mocks\handlers.js
FNF:0
FNH:0
DA:1,1
DA:2,1
DA:3,1
DA:4,1
DA:5,1
DA:6,1
DA:7,1
DA:8,1
DA:9,1
DA:10,1
DA:11,1
DA:12,1
DA:13,1
DA:14,1
DA:15,1
DA:16,1
DA:17,1
DA:18,1
DA:19,1
DA:20,1
DA:21,1
DA:22,1
DA:23,1
DA:24,1
LF:24
LH:24
BRDA:6,0,0,1
BRF:1
BRH:1
end_of_record
TN:
SF:src\mocks\server.js
FNF:0
FNH:0
DA:1,1
DA:2,1
DA:3,1
DA:4,1
LF:4
LH:4
BRF:0
BRH:0
end_of_record
TN:
SF:src\views\Booking.jsx
FN:11,Booking
FN:22,updateBookingDetails
FN:32,updateSize
FN:45,addShoe
FN:51,removeShoe
FN:57,isShoeSizesFilled
FN:65,checkPlayersAndLanes
FN:74,sendBooking
FN:90,comparePeopleAndShoes
FN:94,saveConfirmation
FN:102,book
FNF:11
FNH:11
FNDA:49,Booking
FNDA:17,updateBookingDetails
FNDA:9,updateSize
FNDA:9,addShoe
FNDA:1,removeShoe
FNDA:3,isShoeSizesFilled
FNDA:2,checkPlayersAndLanes
FNDA:1,sendBooking
FNDA:4,comparePeopleAndShoes
FNDA:1,saveConfirmation
FNDA:5,book
DA:1,1
DA:2,1
DA:3,1
DA:5,1
DA:6,1
DA:7,1
DA:8,1
DA:9,1
DA:11,49
DA:12,49
DA:13,49
DA:14,49
DA:15,49
DA:16,49
DA:17,49
DA:18,49
DA:19,49
DA:20,49
DA:22,49
DA:23,17
DA:24,17
DA:26,17
DA:27,17
DA:28,17
DA:29,17
DA:30,17
DA:32,49
DA:33,9
DA:34,9
DA:36,9
DA:37,9
DA:38,9
DA:39,31
DA:40,9
DA:41,9
DA:42,9
DA:43,9
DA:45,49
DA:46,9
DA:48,9
DA:49,9
DA:51,49
DA:52,1
DA:54,1
DA:55,1
DA:57,49
DA:58,3
DA:60,3
DA:62,3
DA:63,3
DA:65,49
DA:66,2
DA:67,2
DA:69,2
DA:71,1
DA:72,2
DA:74,49
DA:75,1
DA:76,1
DA:77,1
DA:78,1
DA:79,1
DA:80,1
DA:81,1
DA:82,1
DA:83,1
DA:84,1
DA:85,1
DA:86,1
DA:87,1
DA:88,1
DA:90,49
DA:91,4
DA:92,4
DA:94,49
DA:95,1
DA:96,1
DA:98,1
DA:99,1
DA:100,1
DA:102,49
DA:103,5
DA:105,5
DA:106,1
DA:107,5
DA:108,1
DA:109,4
DA:110,1
DA:111,2
DA:112,1
DA:113,1
DA:116,5
DA:117,4
DA:118,4
DA:119,4
DA:121,1
DA:122,1
DA:123,1
DA:124,1
DA:125,1
DA:126,1
DA:128,1
DA:130,1
DA:132,1
DA:133,1
DA:135,1
DA:136,1
DA:137,1
DA:138,5
DA:140,49
DA:141,49
DA:142,49
DA:143,49
DA:144,49
DA:145,49
DA:146,49
DA:147,49
DA:148,49
DA:149,49
DA:150,49
DA:151,49
DA:153,49
DA:154,49
DA:155,49
DA:157,49
DA:159,1
LF:126
LH:126
BRDA:11,0,0,49
BRDA:154,1,0,4
BRDA:154,2,0,45
BRDA:22,3,0,17
BRDA:26,4,0,17
BRDA:32,5,0,9
BRDA:36,6,0,0
BRDA:37,7,0,9
BRDA:38,8,0,31
BRDA:39,9,0,9
BRDA:39,10,0,22
BRDA:45,11,0,9
BRDA:51,12,0,1
BRDA:54,13,0,1
BRDA:57,14,0,3
BRDA:60,15,0,8
BRDA:60,16,0,7
BRDA:60,17,0,1
BRDA:65,18,0,2
BRDA:69,19,0,1
BRDA:74,20,0,1
BRDA:90,21,0,4
BRDA:94,22,0,1
BRDA:95,23,0,1
BRDA:102,24,0,5
BRDA:105,25,0,4
BRDA:105,26,0,4
BRDA:105,27,0,4
BRDA:105,28,0,1
BRDA:107,29,0,4
BRDA:107,30,0,1
BRDA:109,31,0,3
BRDA:109,32,0,2
BRDA:109,33,0,1
BRDA:111,34,0,1
BRDA:116,35,0,4
BRDA:119,36,0,1
BRDA:125,37,0,2
BRF:38
BRH:37
end_of_record
TN:
SF:src\views\Booking.test.jsx
FNF:0
FNH:0
DA:1,1
DA:2,1
DA:3,1
DA:10,1
DA:11,1
DA:12,1
DA:18,1
DA:19,1
DA:20,1
DA:21,1
DA:22,1
DA:23,1
DA:24,1
DA:26,1
DA:27,1
DA:28,1
DA:29,1
DA:30,1
DA:31,1
DA:32,1
DA:33,1
DA:34,1
DA:35,1
DA:36,1
DA:37,1
DA:38,1
DA:39,1
DA:40,1
DA:41,1
DA:42,1
DA:43,1
DA:44,1
DA:45,1
DA:46,1
DA:47,1
DA:48,1
DA:49,1
DA:50,1
DA:51,1
DA:52,1
DA:53,1
DA:54,1
DA:55,1
DA:56,1
DA:57,1
DA:58,1
DA:59,1
DA:61,1
DA:62,1
DA:63,1
DA:64,1
DA:66,1
DA:67,1
DA:68,1
DA:69,1
DA:71,1
DA:73,1
DA:74,1
DA:75,1
DA:76,1
DA:77,1
DA:78,1
DA:79,1
DA:80,5
DA:81,1
DA:83,1
DA:84,1
DA:85,1
DA:86,1
DA:87,1
DA:88,1
DA:89,1
DA:90,1
DA:91,1
DA:92,1
DA:93,1
DA:94,1
DA:95,1
DA:96,1
DA:97,1
DA:98,1
DA:99,1
DA:100,1
DA:101,1
DA:102,1
DA:104,1
DA:105,1
DA:106,1
DA:107,1
DA:108,1
DA:109,1
DA:110,1
DA:111,1
DA:112,1
DA:113,1
DA:114,1
DA:115,1
DA:116,1
DA:117,1
DA:118,1
DA:119,1
DA:120,1
DA:122,1
DA:123,1
DA:124,1
DA:126,1
DA:127,1
DA:128,1
DA:129,1
DA:130,1
LF:110
LH:110
BRDA:18,0,0,1
BRDA:19,1,0,1
BRDA:42,2,0,1
BRDA:53,3,0,1
BRDA:79,4,0,5
BRDA:88,5,0,1
BRDA:110,6,0,1
BRF:7
BRH:7
end_of_record
TN:
SF:src\views\Confirmation.jsx
FN:8,Confirmation
FNF:1
FNH:1
FNDA:3,Confirmation
DA:1,1
DA:2,1
DA:4,1
DA:5,1
DA:6,1
DA:8,3
DA:9,3
DA:10,3
DA:11,3
DA:12,2
DA:14,3
DA:15,3
DA:16,3
DA:17,3
DA:18,3
DA:19,2
DA:20,2
DA:21,2
DA:22,2
DA:23,2
DA:24,2
DA:25,2
DA:26,2
DA:27,2
DA:28,2
DA:29,2
DA:30,2
DA:31,2
DA:32,2
DA:33,2
DA:34,2
DA:35,2
DA:36,2
DA:37,2
DA:38,2
DA:39,2
DA:40,2
DA:41,2
DA:42,2
DA:43,2
DA:44,2
DA:45,2
DA:46,2
DA:47,2
DA:48,2
DA:49,2
DA:50,2
DA:51,2
DA:52,2
DA:54,2
DA:55,2
DA:57,1
DA:59,3
DA:61,3
DA:63,1
LF:55
LH:55
BRDA:8,0,0,3
BRDA:11,1,0,1
BRDA:11,2,0,2
BRDA:18,3,0,2
BRDA:18,4,0,2
BRDA:55,5,0,1
BRF:6
BRH:6
end_of_record
